AGI.TO              	2017-07-01 	2018-07-21 	2 	-918.16 	[2]
AGT.TO              	2017-07-01 	2018-07-21 	20 	-885.97 	[20]
XBB.TO              	2017-07-01 	2018-07-21 	19 	-5.5 	[19]
XBZ.TO              	2017-07-01 	2018-07-21 	14 	476.2 	[14]
SXP.TO              	2017-07-01 	2018-07-21 	11 	20.43 	[11]
WCM-B.TO            	2017-07-01 	2018-07-21 	None
2 	0.0 	[2]
CES.TO              	2017-07-01 	2018-07-21 	3 	375.21 	[3]
SPB.TO              	2017-07-01 	2018-07-21 	2 	475.95 	[2]
SPE.TO              	2017-07-01 	2018-07-21 	6 	3025.17 	[6]
GS.TO               	2017-07-01 	2018-07-21 	2 	116.29 	[2]
BYL.TO              	2017-07-01 	2018-07-21 	2 	4565.38 	[2]
GC.TO               	2017-07-01 	2018-07-21 	2 	3494.85 	[2]
CGR-A.TO            	2017-07-01 	2018-07-21 	None
-1.0 	-9999.0 	[-1.0]
NXF-D.TO            	2017-07-01 	2018-07-21 	None
-1.0 	-9999.0 	[-1.0]
NXF-B.TO            	2017-07-01 	2018-07-21 	None
-1.0 	-9999.0 	[-1.0]
NXF-A.TO            	2017-07-01 	2018-07-21 	None
-1.0 	-9999.0 	[-1.0]
GH.TO               	2017-07-01 	2018-07-21 	27 	1393.27 	[27]
MAR.TO              	2017-07-01 	2018-07-21 	5 	64.96 	[5]
SNC.TO              	2017-07-01 	2018-07-21 	5 	666.21 	[5]
MAW.TO              	2017-07-01 	2018-07-21 	20 	267.64 	[20]
RNX.TO              	2017-07-01 	2018-07-21 	24 	311.49 	[24]
MAY.TO              	2017-07-01 	2018-07-21 	None
-1.0 	-9999.0 	[-1.0]
MAX.TO              	2017-07-01 	2018-07-21 	26 	2066.98 	[26]
CU-X.TO             	2017-07-01 	2018-07-21 	20 	-468.01 	[20]
MAG.TO              	2017-07-01 	2018-07-21 	16 	-641.18 	[16]
MAL.TO              	2017-07-01 	2018-07-21 	2 	368.0 	[2]
CSD-A.TO            	2017-07-01 	2018-07-21 	None
-1.0 	-9999.0 	[-1.0]
NCC-B.TO            	2017-07-01 	2018-07-21 	None
2 	0.0 	[2]
NCC-A.TO            	2017-07-01 	2018-07-21 	5 	849.81 	[5]
EVT.TO              	2017-07-01 	2018-07-21 	3 	-157.81 	[3]
AGU.TO              	2017-07-01 	2018-07-21 	None
-1.0 	-9999.0 	[-1.0]
G.TO                	2017-07-01 	2018-07-21 	5 	1066.62 	[5]
VLN.TO              	2017-07-01 	2018-07-21 	27 	-319.0 	[27]
VLE.TO              	2017-07-01 	2018-07-21 	3 	43343.82 	[3]
YXM-B.TO            	2017-07-01 	2018-07-21 	None
-1.0 	-9999.0 	[-1.0]
GRL.TO              	2017-07-01 	2018-07-21 	7 	181.7 	[7]
URB-A.TO            	2017-07-01 	2018-07-21 	7 	-611.93 	[7]
NOA.TO              	2017-07-01 	2018-07-21 	2 	3324.12 	[2]
RUE-U.TO            	2017-07-01 	2018-07-21 	None
-1.0 	-9999.0 	[-1.0]
PCD-UN.TO           	2017-07-01 	2018-07-21 	3 	44.81 	[3]
HLF.TO              	2017-07-01 	2018-07-21 	3 	-1718.79 	[3]
HLC.TO              	2017-07-01 	2018-07-21 	23 	518.18 	[23]
VBG.TO              	2017-07-01 	2018-07-21 	6 	-87.81 	[6]
VBU.TO              	2017-07-01 	2018-07-21 	15 	-206.71 	[15]
CTC.TO              	2017-07-01 	2018-07-21 	2 	103.9 	[2]
HXT-U.TO            	2017-07-01 	2018-07-21 	None
-1.0 	-9999.0 	[-1.0]
RLD.TO              	2017-07-01 	2018-07-21 	8 	354.68 	[8]
RLB.TO              	2017-07-01 	2018-07-21 	21 	-129.37 	[21]
EDR.TO              	2017-07-01 	2018-07-21 	2 	2107.17 	[2]
ORL.TO              	2017-07-01 	2018-07-21 	6 	4229.69 	[6]
EDV.TO              	2017-07-01 	2018-07-21 	3 	1129.01 	[3]
EDT.TO              	2017-07-01 	2018-07-21 	14 	108.62 	[14]
ORA.TO              	2017-07-01 	2018-07-21 	2 	2693.28 	[2]
TTE-UN.TO           	2017-07-01 	2018-07-21 	None
-1.0 	-9999.0 	[-1.0]
DPM.TO              	2017-07-01 	2018-07-21 	5 	1095.33 	[5]
LB.TO               	2017-07-01 	2018-07-21 	13 	-434.39 	[13]
LN.TO               	2017-07-01 	2018-07-21 	29 	-1780.15 	[29]
ONC.TO              	2017-07-01 	2018-07-21 	6 	5712.1 	[6]
CZN.TO              	2017-07-01 	2018-07-21 	7 	257.0 	[7]
III.TO              	2017-07-01 	2018-07-21 	7 	-178.26 	[7]
GCT-C.TO            	2017-07-01 	2018-07-21 	2 	-343.33 	[2]
FXM.TO              	2017-07-01 	2018-07-21 	2 	401.18 	[2]
PNP.TO              	2017-07-01 	2018-07-21 	23 	1150.64 	[23]
CFX.TO              	2017-07-01 	2018-07-21 	3 	4396.27 	[3]
CFW.TO              	2017-07-01 	2018-07-21 	3 	4737.27 	[3]
CFP.TO              	2017-07-01 	2018-07-21 	12 	1542.95 	[12]
XQB.TO              	2017-07-01 	2018-07-21 	21 	-10.31 	[21]
ZXM-B.TO            	2017-07-01 	2018-07-21 	None
-1.0 	-9999.0 	[-1.0]
PRA.TO              	2017-07-01 	2018-07-21 	4 	682.37 	[4]
SAM.TO              	2017-07-01 	2018-07-21 	17 	-2700.69 	[17]
JOY.TO              	2017-07-01 	2018-07-21 	8 	-935.25 	[8]
XUS.TO              	2017-07-01 	2018-07-21 	3 	1111.72 	[3]
PRK.TO              	2017-07-01 	2018-07-21 	17 	-3052.34 	[17]
PRU.TO              	2017-07-01 	2018-07-21 	2 	2874.69 	[2]
PRW.TO              	2017-07-01 	2018-07-21 	None
-1.0 	-9999.0 	[-1.0]
PRQ.TO              	2017-07-01 	2018-07-21 	28 	-1479.41 	[28]
RAY-B.TO            	2017-07-01 	2018-07-21 	6 	-425.5 	[6]
AV-UN.TO            	2017-07-01 	2018-07-21 	None
-1.0 	-9999.0 	[-1.0]
SAP.TO              	2017-07-01 	2018-07-21 	18 	499.33 	[18]
SAU.TO              	2017-07-01 	2018-07-21 	2 	-2520.0 	[2]
CHH.TO              	2017-07-01 	2018-07-21 	11 	-2280.37 	[11]
MRU.TO              	2017-07-01 	2018-07-21 	8 	465.69 	[8]
MUX.TO              	2017-07-01 	2018-07-21 	2 	615.5 	[2]
ZIC.TO              	2017-07-01 	2018-07-21 	25 	29.6 	[25]
CHW.TO              	2017-07-01 	2018-07-21 	2 	-15.66 	[2]
MRD.TO              	2017-07-01 	2018-07-21 	27 	168.33 	[27]
MRE.TO              	2017-07-01 	2018-07-21 	3 	2224.89 	[3]
PBI-B.TO            	2017-07-01 	2018-07-21 	None
-1.0 	-9999.0 	[-1.0]
MRC.TO              	2017-07-01 	2018-07-21 	12 	-427.55 	[12]
APY.TO              	2017-07-01 	2018-07-21 	2 	6082.24 	[2]
DBO.TO              	2017-07-01 	2018-07-21 	28 	-869.06 	[28]
APS.TO              	2017-07-01 	2018-07-21 	16 	7365.29 	[16]
CJT-A.TO            	2017-07-01 	2018-07-21 	2 	1134.24 	[2]
TKO.TO              	2017-07-01 	2018-07-21 	29 	-1928.4 	[29]
HMP.TO              	2017-07-01 	2018-07-21 	29 	-170.75 	[29]
ZCH.TO              	2017-07-01 	2018-07-21 	3 	1406.69 	[3]
VIP-UN.TO           	2017-07-01 	2018-07-21 	8 	344.89 	[8]
ZID.TO              	2017-07-01 	2018-07-21 	2 	553.82 	[2]
VI.TO               	2017-07-01 	2018-07-21 	7 	455.56 	[7]
HMF.TO              	2017-07-01 	2018-07-21 	16 	-81.07 	[16]
AP-UN.TO            	2017-07-01 	2018-07-21 	5 	573.97 	[5]
HMA.TO              	2017-07-01 	2018-07-21 	2 	0.0 	[2]
NLN.TO              	2017-07-01 	2018-07-21 	15 	5160.81 	[15]
AFN.TO              	2017-07-01 	2018-07-21 	29 	401.83 	[29]
GCG.TO              	2017-07-01 	2018-07-21 	13 	-121.93 	[13]
GCM.TO              	2017-07-01 	2018-07-21 	8 	5234.64 	[8]
GCL.TO              	2017-07-01 	2018-07-21 	2 	-2074.09 	[2]
DLR.TO              	2017-07-01 	2018-07-21 	18 	361.17 	[18]
GCT.TO              	2017-07-01 	2018-07-21 	9 	-603.08 	[9]
XCB.TO              	2017-07-01 	2018-07-21 	23 	-39.9 	[23]
USH-UN.TO           	2017-07-01 	2018-07-21 	None
-1.0 	-9999.0 	[-1.0]
XCH.TO              	2017-07-01 	2018-07-21 	8 	734.07 	[8]
BTE.TO              	2017-07-01 	2018-07-21 	3 	3945.6 	[3]
SSL.TO              	2017-07-01 	2018-07-21 	5 	455.83 	[5]
SSO.TO              	2017-07-01 	2018-07-21 	None
-1.0 	-9999.0 	[-1.0]
XCV.TO              	2017-07-01 	2018-07-21 	7 	564.89 	[7]
NPS.TO              	2017-07-01 	2018-07-21 	2 	1745.75 	[2]
XCT.TO              	2017-07-01 	2018-07-21 	19 	-898.46 	[19]
BTO.TO              	2017-07-01 	2018-07-21 	2 	526.22 	[2]
KXS.TO              	2017-07-01 	2018-07-21 	10 	1473.61 	[10]
QSP-UN.TO           	2017-07-01 	2018-07-21 	27 	1133.36 	[27]
RMP.TO              	2017-07-01 	2018-07-21 	None
-1.0 	-9999.0 	[-1.0]
ECA.TO              	2017-07-01 	2018-07-21 	6 	3542.15 	[6]
ECO.TO              	2017-07-01 	2018-07-21 	18 	-1044.98 	[18]
HRR-UN.TO           	2017-07-01 	2018-07-21 	2 	539.46 	[2]
RMX.TO              	2017-07-01 	2018-07-21 	27 	174.5 	[27]
ECI.TO              	2017-07-01 	2018-07-21 	28 	-103.78 	[28]
LNR.TO              	2017-07-01 	2018-07-21 	15 	-165.62 	[15]
SRV-UN.TO           	2017-07-01 	2018-07-21 	8 	346.45 	[8]
LNF.TO              	2017-07-01 	2018-07-21 	8 	-108.24 	[8]
SEA.TO              	2017-07-01 	2018-07-21 	7 	1478.34 	[7]
CIQ-UN.TO           	2017-07-01 	2018-07-21 	12 	-237.57 	[12]
EUR.TO              	2017-07-01 	2018-07-21 	5 	402.86 	[5]
PLZ-UN.TO           	2017-07-01 	2018-07-21 	17 	-112.1 	[17]
HWO.TO              	2017-07-01 	2018-07-21 	28 	339.56 	[28]
XMF-A.TO            	2017-07-01 	2018-07-21 	2 	-3177.61 	[2]
POW.TO              	2017-07-01 	2018-07-21 	5 	146.64 	[5]
POT.TO              	2017-07-01 	2018-07-21 	None
-1.0 	-9999.0 	[-1.0]
POU.TO              	2017-07-01 	2018-07-21 	2 	-1045.09 	[2]
AHY-UN.TO           	2017-07-01 	2018-07-21 	None
-1.0 	-9999.0 	[-1.0]
POM.TO              	2017-07-01 	2018-07-21 	16 	3717.35 	[16]
TXF-A.TO            	2017-07-01 	2018-07-21 	None
-1.0 	-9999.0 	[-1.0]
CYH.TO              	2017-07-01 	2018-07-21 	4 	371.93 	[4]
CWX.TO              	2017-07-01 	2018-07-21 	13 	1144.16 	[13]
VCE.TO              	2017-07-01 	2018-07-21 	8 	676.63 	[8]
DC-A.TO             	2017-07-01 	2018-07-21 	29 	66.38 	[29]
VCM.TO              	2017-07-01 	2018-07-21 	2 	-866.33 	[2]
CWW.TO              	2017-07-01 	2018-07-21 	9 	591.28 	[9]
CWL.TO              	2017-07-01 	2018-07-21 	2 	193.07 	[2]
CWB.TO              	2017-07-01 	2018-07-21 	19 	1919.42 	[19]
CWF.TO              	2017-07-01 	2018-07-21 	29 	3547.77 	[29]
PDN.TO              	2017-07-01 	2018-07-21 	None
2 	0.0 	[2]
QSR.TO              	2017-07-01 	2018-07-21 	14 	842.13 	[14]
CBH-A.TO            	2017-07-01 	2018-07-21 	None
-1.0 	-9999.0 	[-1.0]
UTC-C.TO            	2017-07-01 	2018-07-21 	7 	130.93 	[7]
CKE.TO              	2017-07-01 	2018-07-21 	2 	-1900.17 	[2]
PAY.TO              	2017-07-01 	2018-07-21 	7 	-1291.33 	[7]
NWH-UN.TO           	2017-07-01 	2018-07-21 	7 	442.46 	[7]
ZFH.TO              	2017-07-01 	2018-07-21 	5 	14.84 	[5]
ZFM.TO              	2017-07-01 	2018-07-21 	17 	74.79 	[17]
PDF.TO              	2017-07-01 	2018-07-21 	2 	6.58 	[2]
DCF.TO              	2017-07-01 	2018-07-21 	28 	285.28 	[28]
WEF.TO              	2017-07-01 	2018-07-21 	28 	19.49 	[28]
ZXM.TO              	2017-07-01 	2018-07-21 	8 	1019.74 	[8]
WEQ.TO              	2017-07-01 	2018-07-21 	2 	612.08 	[2]
D-UN.TO             	2017-07-01 	2018-07-21 	3 	633.05 	[3]
X.TO                	2017-07-01 	2018-07-21 	26 	1300.98 	[26]
PBU-UN.TO           	2017-07-01 	2018-07-21 	None
-1.0 	-9999.0 	[-1.0]
GBF.TO              	2017-07-01 	2018-07-21 	12 	437.96 	[12]
DML.TO              	2017-07-01 	2018-07-21 	18 	1351.43 	[18]
GBT.TO              	2017-07-01 	2018-07-21 	28 	1538.11 	[28]
GBU.TO              	2017-07-01 	2018-07-21 	None
-1.0 	-9999.0 	[-1.0]
QGE.TO              	2017-07-01 	2018-07-21 	2 	327.89 	[2]
AEM.TO              	2017-07-01 	2018-07-21 	16 	326.63 	[16]
XDC.TO              	2017-07-01 	2018-07-21 	22 	-144.06 	[22]
XDV.TO              	2017-07-01 	2018-07-21 	21 	206.68 	[21]
RWW-B.TO            	2017-07-01 	2018-07-21 	None
-1.0 	-9999.0 	[-1.0]
CAR-UN.TO           	2017-07-01 	2018-07-21 	8 	1362.25 	[8]
XRC.TO              	2017-07-01 	2018-07-21 	None
-1.0 	-9999.0 	[-1.0]
XRB.TO              	2017-07-01 	2018-07-21 	4 	112.64 	[4]
MOZ.TO              	2017-07-01 	2018-07-21 	24 	-1011.32 	[24]
PSI.TO              	2017-07-01 	2018-07-21 	4 	1151.53 	[4]
OCS-UN.TO           	2017-07-01 	2018-07-21 	None
-1.0 	-9999.0 	[-1.0]
PSB.TO              	2017-07-01 	2018-07-21 	19 	-138.65 	[19]
PSA.TO              	2017-07-01 	2018-07-21 	6 	-69.04 	[6]
PSD.TO              	2017-07-01 	2018-07-21 	3 	329.34 	[3]
PSY.TO              	2017-07-01 	2018-07-21 	2 	520.8 	[2]
ETP.TO              	2017-07-01 	2018-07-21 	29 	-59.93 	[29]
BCI.TO              	2017-07-01 	2018-07-21 	5 	410.59 	[5]
BCE.TO              	2017-07-01 	2018-07-21 	18 	60.85 	[18]
ETX.TO              	2017-07-01 	2018-07-21 	10 	-1194.9 	[10]
NXC.TO              	2017-07-01 	2018-07-21 	None
-1.0 	-9999.0 	[-1.0]
HNU.TO              	2017-07-01 	2018-07-21 	4 	-1134.08 	[4]
ETG.TO              	2017-07-01 	2018-07-21 	3 	976.19 	[3]
HNY.TO              	2017-07-01 	2018-07-21 	2 	-426.09 	[2]
VNR.TO              	2017-07-01 	2018-07-21 	6 	-248.37 	[6]
FFH-U.TO            	2017-07-01 	2018-07-21 	None
-1.0 	-9999.0 	[-1.0]
VRX.TO              	2017-07-01 	2018-07-21 	6 	5814.91 	[6]
TVK.TO              	2017-07-01 	2018-07-21 	4 	453.14 	[4]
TVE.TO              	2017-07-01 	2018-07-21 	4 	6826.07 	[4]
CJ.TO               	2017-07-01 	2018-07-21 	28 	1729.37 	[28]
CM.TO               	2017-07-01 	2018-07-21 	17 	729.64 	[17]
CG.TO               	2017-07-01 	2018-07-21 	7 	288.85 	[7]
CF.TO               	2017-07-01 	2018-07-21 	19 	3943.46 	[19]
PEU-B.TO            	2017-07-01 	2018-07-21 	None
-1.0 	-9999.0 	[-1.0]
CS.TO               	2017-07-01 	2018-07-21 	10 	-570.78 	[10]
WCM-A.TO            	2017-07-01 	2018-07-21 	2 	-636.52 	[2]
CU.TO               	2017-07-01 	2018-07-21 	18 	-368.68 	[18]
RVX.TO              	2017-07-01 	2018-07-21 	11 	5153.86 	[11]
TDG.TO              	2017-07-01 	2018-07-21 	6 	462.55 	[6]
FDE-A.TO            	2017-07-01 	2018-07-21 	None
-1.0 	-9999.0 	[-1.0]
NML.TO              	2017-07-01 	2018-07-21 	22 	-2280.53 	[22]
FHM.TO              	2017-07-01 	2018-07-21 	4 	1116.53 	[4]
MID-UN.TO           	2017-07-01 	2018-07-21 	6 	993.15 	[6]
FHH.TO              	2017-07-01 	2018-07-21 	3 	1167.02 	[3]
FHE.TO              	2017-07-01 	2018-07-21 	3 	2707.34 	[3]
FHD.TO              	2017-07-01 	2018-07-21 	2 	1325.14 	[2]
FHG.TO              	2017-07-01 	2018-07-21 	7 	1170.72 	[7]
FHF.TO              	2017-07-01 	2018-07-21 	2 	951.77 	[2]
FHC.TO              	2017-07-01 	2018-07-21 	3 	436.81 	[3]
FHB.TO              	2017-07-01 	2018-07-21 	6 	-391.05 	[6]
DW.TO               	2017-07-01 	2018-07-21 	2 	-3971.75 	[2]
FHU.TO              	2017-07-01 	2018-07-21 	18 	282.62 	[18]
CVG.TO              	2017-07-01 	2018-07-21 	4 	2040.79 	[4]
CVD.TO              	2017-07-01 	2018-07-21 	11 	-23.26 	[11]
CVE.TO              	2017-07-01 	2018-07-21 	4 	5958.96 	[4]
FHQ.TO              	2017-07-01 	2018-07-21 	4 	2499.41 	[4]
QRD.TO              	2017-07-01 	2018-07-21 	2 	173.96 	[2]
QRH.TO              	2017-07-01 	2018-07-21 	15 	199.18 	[15]
QRI.TO              	2017-07-01 	2018-07-21 	3 	624.33 	[3]
QRM.TO              	2017-07-01 	2018-07-21 	None
-1.0 	-9999.0 	[-1.0]
WJA.TO              	2017-07-01 	2018-07-21 	21 	-57.61 	[21]
QRT.TO              	2017-07-01 	2018-07-21 	12 	755.91 	[12]
WJX.TO              	2017-07-01 	2018-07-21 	2 	1246.32 	[2]
FDY-A.TO            	2017-07-01 	2018-07-21 	None
-1.0 	-9999.0 	[-1.0]
VA.TO               	2017-07-01 	2018-07-21 	5 	643.22 	[5]
ZPR.TO              	2017-07-01 	2018-07-21 	4 	202.21 	[4]
VE.TO               	2017-07-01 	2018-07-21 	4 	514.41 	[4]
HPR.TO              	2017-07-01 	2018-07-21 	12 	148.41 	[12]
ZPW.TO              	2017-07-01 	2018-07-21 	4 	234.89 	[4]
Y.TO                	2017-07-01 	2018-07-21 	19 	3267.93 	[19]
WXM.TO              	2017-07-01 	2018-07-21 	2 	1382.1 	[2]
TMI-B.TO            	2017-07-01 	2018-07-21 	3 	-1509.64 	[3]
XYM-UN.TO           	2017-07-01 	2018-07-21 	None
-1.0 	-9999.0 	[-1.0]
ZPL.TO              	2017-07-01 	2018-07-21 	25 	179.99 	[25]
DRX.TO              	2017-07-01 	2018-07-21 	12 	-2133.15 	[12]
XAW.TO              	2017-07-01 	2018-07-21 	9 	538.63 	[9]
DRT.TO              	2017-07-01 	2018-07-21 	2 	622.32 	[2]
WDO.TO              	2017-07-01 	2018-07-21 	9 	3152.09 	[9]
DRM.TO              	2017-07-01 	2018-07-21 	8 	2096.96 	[8]
NAL.TO              	2017-07-01 	2018-07-21 	11 	4310.19 	[11]
LUN.TO              	2017-07-01 	2018-07-21 	2 	112.85 	[2]
ECF-UN.TO           	2017-07-01 	2018-07-21 	2 	-237.74 	[2]
RXE.TO              	2017-07-01 	2018-07-21 	28 	-565.92 	[28]
RXD.TO              	2017-07-01 	2018-07-21 	7 	189.69 	[7]
GRT-UN.TO           	2017-07-01 	2018-07-21 	5 	388.81 	[5]
MIF-UN.TO           	2017-07-01 	2018-07-21 	None
-1.0 	-9999.0 	[-1.0]
CXF.TO              	2017-07-01 	2018-07-21 	7 	-58.88 	[7]
CXN.TO              	2017-07-01 	2018-07-21 	8 	885.44 	[8]
XSP.TO              	2017-07-01 	2018-07-21 	8 	1160.33 	[8]
XSQ.TO              	2017-07-01 	2018-07-21 	21 	-123.52 	[21]
XSB.TO              	2017-07-01 	2018-07-21 	15 	-110.52 	[15]
XSC.TO              	2017-07-01 	2018-07-21 	26 	-179.72 	[26]
XSE.TO              	2017-07-01 	2018-07-21 	22 	-77.34 	[22]
SCL.TO              	2017-07-01 	2018-07-21 	2 	433.69 	[2]
PTM.TO              	2017-07-01 	2018-07-21 	24 	-2428.09 	[24]
MNS.TO              	2017-07-01 	2018-07-21 	11 	-424.78 	[11]
MNT.TO              	2017-07-01 	2018-07-21 	4 	-25.7 	[4]
PTB.TO              	2017-07-01 	2018-07-21 	24 	-18.26 	[24]
MNW.TO              	2017-07-01 	2018-07-21 	7 	2256.52 	[7]
RQE.TO              	2017-07-01 	2018-07-21 	5 	-15.3 	[5]
SCY.TO              	2017-07-01 	2018-07-21 	11 	-2870.99 	[11]
SCU.TO              	2017-07-01 	2018-07-21 	22 	1427.16 	[22]
MND.TO              	2017-07-01 	2018-07-21 	15 	-1468.79 	[15]
PBD.TO              	2017-07-01 	2018-07-21 	28 	-165.52 	[28]
PBL.TO              	2017-07-01 	2018-07-21 	2 	2906.01 	[2]
PBI.TO              	2017-07-01 	2018-07-21 	4 	855.63 	[4]
PBH.TO              	2017-07-01 	2018-07-21 	3 	465.2 	[3]
CJT.TO              	2017-07-01 	2018-07-21 	4 	1379.0 	[4]
MPC.TO              	2017-07-01 	2018-07-21 	5 	-154.05 	[5]
AVP.TO              	2017-07-01 	2018-07-21 	None
2 	0.0 	[2]
AVO.TO              	2017-07-01 	2018-07-21 	None
-1.0 	-9999.0 	[-1.0]
RQH.TO              	2017-07-01 	2018-07-21 	28 	-86.78 	[28]
AVK.TO              	2017-07-01 	2018-07-21 	None
-1.0 	-9999.0 	[-1.0]
RQI.TO              	2017-07-01 	2018-07-21 	28 	-102.44 	[28]
UWE.TO              	2017-07-01 	2018-07-21 	9 	-1725.69 	[9]
SUM.TO              	2017-07-01 	2018-07-21 	3 	1795.4 	[3]
UXM.TO              	2017-07-01 	2018-07-21 	5 	505.05 	[5]
LRT-UN.TO           	2017-07-01 	2018-07-21 	2 	-4600.83 	[2]
NBZ.TO              	2017-07-01 	2018-07-21 	None
-1.0 	-9999.0 	[-1.0]
TEL.TO              	2017-07-01 	2018-07-21 	None
2 	0.0 	[2]
QMV.TO              	2017-07-01 	2018-07-21 	12 	264.8 	[12]
TET.TO              	2017-07-01 	2018-07-21 	None
-1.0 	-9999.0 	[-1.0]
QMG.TO              	2017-07-01 	2018-07-21 	5 	453.29 	[5]
DNG.TO              	2017-07-01 	2018-07-21 	4 	-154.76 	[4]
DNA.TO              	2017-07-01 	2018-07-21 	2 	203.55 	[2]
DNT.TO              	2017-07-01 	2018-07-21 	27 	504.2 	[27]
GMX.TO              	2017-07-01 	2018-07-21 	28 	-1419.87 	[28]
ADN.TO              	2017-07-01 	2018-07-21 	9 	388.52 	[9]
GMP.TO              	2017-07-01 	2018-07-21 	11 	3128.14 	[11]
XEF.TO              	2017-07-01 	2018-07-21 	6 	456.51 	[6]
MMP-UN.TO           	2017-07-01 	2018-07-21 	25 	-87.95 	[25]
XEB.TO              	2017-07-01 	2018-07-21 	8 	-135.21 	[8]
XEC.TO              	2017-07-01 	2018-07-21 	10 	125.35 	[10]
XEN.TO              	2017-07-01 	2018-07-21 	14 	797.63 	[14]
XEI.TO              	2017-07-01 	2018-07-21 	29 	300.37 	[29]
QCP.TO              	2017-07-01 	2018-07-21 	4 	-22.22 	[4]
DEN.TO              	2017-07-01 	2018-07-21 	None
-1.0 	-9999.0 	[-1.0]
HQU.TO              	2017-07-01 	2018-07-21 	4 	3014.48 	[4]
HQD.TO              	2017-07-01 	2018-07-21 	24 	-1437.4 	[24]
XSH.TO              	2017-07-01 	2018-07-21 	22 	-139.15 	[22]
BIG-D.TO            	2017-07-01 	2018-07-21 	2 	62.25 	[2]
RKN.TO              	2017-07-01 	2018-07-21 	None
-1.0 	-9999.0 	[-1.0]
HE.TO               	2017-07-01 	2018-07-21 	2 	-1026.0 	[2]
HOG.TO              	2017-07-01 	2018-07-21 	2 	200.9 	[2]
HOD.TO              	2017-07-01 	2018-07-21 	10 	-2111.74 	[10]
E.TO                	2017-07-01 	2018-07-21 	28 	1570.86 	[28]
ESP.TO              	2017-07-01 	2018-07-21 	26 	-917.75 	[26]
FSL-A.TO            	2017-07-01 	2018-07-21 	None
-1.0 	-9999.0 	[-1.0]
CGL-C.TO            	2017-07-01 	2018-07-21 	8 	1.21 	[8]
HOU.TO              	2017-07-01 	2018-07-21 	7 	4217.27 	[7]
KLS.TO              	2017-07-01 	2018-07-21 	6 	1351.93 	[6]
OSF-UN.TO           	2017-07-01 	2018-07-21 	4 	1748.51 	[4]
ESI.TO              	2017-07-01 	2018-07-21 	10 	-826.59 	[10]
VSP.TO              	2017-07-01 	2018-07-21 	5 	1151.98 	[5]
VEF.TO              	2017-07-01 	2018-07-21 	8 	533.58 	[8]
DIR-UN.TO           	2017-07-01 	2018-07-21 	21 	790.38 	[21]
VSC.TO              	2017-07-01 	2018-07-21 	29 	-143.1 	[29]
YGR.TO              	2017-07-01 	2018-07-21 	5 	3874.25 	[5]
VSN.TO              	2017-07-01 	2018-07-21 	None
-1.0 	-9999.0 	[-1.0]
WG.TO               	2017-07-01 	2018-07-21 	None
-1.0 	-9999.0 	[-1.0]
EOM.TO              	2017-07-01 	2018-07-21 	None
-1.0 	-9999.0 	[-1.0]
SCB.TO              	2017-07-01 	2018-07-21 	28 	-121.5 	[28]
NVU-UN.TO           	2017-07-01 	2018-07-21 	5 	975.48 	[5]
VAB.TO              	2017-07-01 	2018-07-21 	14 	28.55 	[14]
NWC.TO              	2017-07-01 	2018-07-21 	6 	256.46 	[6]
TIH.TO              	2017-07-01 	2018-07-21 	10 	1618.87 	[10]
HEA-U.TO            	2017-07-01 	2018-07-21 	None
-1.0 	-9999.0 	[-1.0]
CBO-A.TO            	2017-07-01 	2018-07-21 	2 	0.0 	[2]
PTS.TO              	2017-07-01 	2018-07-21 	2 	5032.17 	[2]
HMM-A.TO            	2017-07-01 	2018-07-21 	8 	506.66 	[8]
ZPW-U.TO            	2017-07-01 	2018-07-21 	None
-1.0 	-9999.0 	[-1.0]
ORV.TO              	2017-07-01 	2018-07-21 	11 	-129.29 	[11]
PCY.TO              	2017-07-01 	2018-07-21 	27 	-1493.79 	[27]
ZDY.TO              	2017-07-01 	2018-07-21 	5 	947.52 	[5]
CMH.TO              	2017-07-01 	2018-07-21 	24 	599.0 	[24]
ZDV.TO              	2017-07-01 	2018-07-21 	4 	280.76 	[4]
RIB-UN.TO           	2017-07-01 	2018-07-21 	None
-1.0 	-9999.0 	[-1.0]
ZDM.TO              	2017-07-01 	2018-07-21 	4 	431.32 	[4]
ZDI.TO              	2017-07-01 	2018-07-21 	13 	91.1 	[13]
ZDH.TO              	2017-07-01 	2018-07-21 	6 	140.97 	[6]
ZDJ.TO              	2017-07-01 	2018-07-21 	5 	1138.1 	[5]
PBY-UN.TO           	2017-07-01 	2018-07-21 	7 	62.25 	[7]
ZDB.TO              	2017-07-01 	2018-07-21 	17 	69.02 	[17]
ZGQ.TO              	2017-07-01 	2018-07-21 	6 	1195.69 	[6]
CUP-U.TO            	2017-07-01 	2018-07-21 	2 	-294.75 	[2]
CYH-A.TO            	2017-07-01 	2018-07-21 	None
-1.0 	-9999.0 	[-1.0]
DLR-U.TO            	2017-07-01 	2018-07-21 	None
-1.0 	-9999.0 	[-1.0]
DSG.TO              	2017-07-01 	2018-07-21 	2 	1949.72 	[2]
ME.TO               	2017-07-01 	2018-07-21 	17 	-1211.29 	[17]
MG.TO               	2017-07-01 	2018-07-21 	5 	2159.37 	[5]
RWC.TO              	2017-07-01 	2018-07-21 	6 	444.09 	[6]
RWE.TO              	2017-07-01 	2018-07-21 	8 	242.58 	[8]
ZGI.TO              	2017-07-01 	2018-07-21 	28 	93.14 	[28]
INV.TO              	2017-07-01 	2018-07-21 	28 	-2941.97 	[28]
INQ.TO              	2017-07-01 	2018-07-21 	16 	-1657.15 	[16]
RWU.TO              	2017-07-01 	2018-07-21 	5 	280.9 	[5]
RWW.TO              	2017-07-01 	2018-07-21 	10 	116.78 	[10]
INE.TO              	2017-07-01 	2018-07-21 	6 	-390.49 	[6]
MX.TO               	2017-07-01 	2018-07-21 	5 	3417.83 	[5]
DOL.TO              	2017-07-01 	2018-07-21 	6 	13550.35 	[6]
GLG.TO              	2017-07-01 	2018-07-21 	2 	3122.55 	[2]
AKG.TO              	2017-07-01 	2018-07-21 	2 	5274.12 	[2]
XFI.TO              	2017-07-01 	2018-07-21 	3 	643.13 	[3]
XFH.TO              	2017-07-01 	2018-07-21 	5 	466.59 	[5]
BSX.TO              	2017-07-01 	2018-07-21 	28 	-617.13 	[28]
XFA.TO              	2017-07-01 	2018-07-21 	14 	802.15 	[14]
ZGD.TO              	2017-07-01 	2018-07-21 	15 	-560.88 	[15]
XFC.TO              	2017-07-01 	2018-07-21 	6 	642.08 	[6]
XFS.TO              	2017-07-01 	2018-07-21 	4 	1183.94 	[4]
XFR.TO              	2017-07-01 	2018-07-21 	2 	-104.67 	[2]
TUT-UN.TO           	2017-07-01 	2018-07-21 	None
-1.0 	-9999.0 	[-1.0]
BSC.TO              	2017-07-01 	2018-07-21 	7 	419.56 	[7]
XTR.TO              	2017-07-01 	2018-07-21 	5 	-19.45 	[5]
XTG.TO              	2017-07-01 	2018-07-21 	2 	-973.25 	[2]
AUP.TO              	2017-07-01 	2018-07-21 	3 	298.34 	[3]
XTC.TO              	2017-07-01 	2018-07-21 	28 	72.62 	[28]
IDR-UN.TO           	2017-07-01 	2018-07-21 	None
-1.0 	-9999.0 	[-1.0]
RID.TO              	2017-07-01 	2018-07-21 	5 	167.18 	[5]
SBR.TO              	2017-07-01 	2018-07-21 	20 	-1276.47 	[20]
SBI.TO              	2017-07-01 	2018-07-21 	3 	-2836.06 	[3]
ADW-A.TO            	2017-07-01 	2018-07-21 	12 	3159.76 	[12]
PUR.TO              	2017-07-01 	2018-07-21 	None
-1.0 	-9999.0 	[-1.0]
ADW-B.TO            	2017-07-01 	2018-07-21 	10 	2150.48 	[10]
XHC.TO              	2017-07-01 	2018-07-21 	7 	689.62 	[7]
VXM.TO              	2017-07-01 	2018-07-21 	5 	743.14 	[5]
BAR.TO              	2017-07-01 	2018-07-21 	28 	-2379.3 	[28]
ERD.TO              	2017-07-01 	2018-07-21 	29 	-1487.41 	[29]
ERF.TO              	2017-07-01 	2018-07-21 	5 	2259.76 	[5]
BAA.TO              	2017-07-01 	2018-07-21 	None
-1.0 	-9999.0 	[-1.0]
ERM.TO              	2017-07-01 	2018-07-21 	3 	-634.48 	[3]
CLF-A.TO            	2017-07-01 	2018-07-21 	None
-1.0 	-9999.0 	[-1.0]
H.TO                	2017-07-01 	2018-07-21 	21 	-477.16 	[21]
ETP-A.TO            	2017-07-01 	2018-07-21 	None
-1.0 	-9999.0 	[-1.0]
STB.TO              	2017-07-01 	2018-07-21 	9 	1728.96 	[9]
STN.TO              	2017-07-01 	2018-07-21 	27 	58.71 	[27]
VXC.TO              	2017-07-01 	2018-07-21 	13 	669.68 	[13]
PXS-U.TO            	2017-07-01 	2018-07-21 	None
-1.0 	-9999.0 	[-1.0]
RID-U.TO            	2017-07-01 	2018-07-21 	None
-1.0 	-9999.0 	[-1.0]
NAF-UN.TO           	2017-07-01 	2018-07-21 	2 	-266.86 	[2]
NCU.TO              	2017-07-01 	2018-07-21 	11 	410.63 	[11]
DII-A.TO            	2017-07-01 	2018-07-21 	16 	348.73 	[16]
DII-B.TO            	2017-07-01 	2018-07-21 	9 	269.14 	[9]
NCF.TO              	2017-07-01 	2018-07-21 	6 	-1799.89 	[6]
RCI-A.TO            	2017-07-01 	2018-07-21 	28 	297.27 	[28]
LIF.TO              	2017-07-01 	2018-07-21 	6 	2447.16 	[6]
RCI-B.TO            	2017-07-01 	2018-07-21 	7 	696.49 	[7]
INO-UN.TO           	2017-07-01 	2018-07-21 	18 	-61.84 	[18]
VFF.TO              	2017-07-01 	2018-07-21 	18 	15418.7 	[18]
LIQ.TO              	2017-07-01 	2018-07-21 	15 	1320.98 	[15]
VFV.TO              	2017-07-01 	2018-07-21 	3 	1125.75 	[3]
QXM-A.TO            	2017-07-01 	2018-07-21 	None
-1.0 	-9999.0 	[-1.0]
RY.TO               	2017-07-01 	2018-07-21 	4 	691.9 	[4]
VXS.TO              	2017-07-01 	2018-07-21 	None
-1.0 	-9999.0 	[-1.0]
RN.TO               	2017-07-01 	2018-07-21 	None
-1.0 	-9999.0 	[-1.0]
HRX.TO              	2017-07-01 	2018-07-21 	9 	1148.34 	[9]
HRT.TO              	2017-07-01 	2018-07-21 	17 	-1247.41 	[17]
TPL.TO              	2017-07-01 	2018-07-21 	None
-1.0 	-9999.0 	[-1.0]
TPK.TO              	2017-07-01 	2018-07-21 	11 	334.64 	[11]
TPH.TO              	2017-07-01 	2018-07-21 	13 	966.79 	[13]
RHP.TO              	2017-07-01 	2018-07-21 	5 	134.72 	[5]
RHS.TO              	2017-07-01 	2018-07-21 	None
2 	0.0 	[2]
RHU.TO              	2017-07-01 	2018-07-21 	2 	290.3 	[2]
RHI.TO              	2017-07-01 	2018-07-21 	12 	135.52 	[12]
KAT.TO              	2017-07-01 	2018-07-21 	4 	4516.95 	[4]
RHF.TO              	2017-07-01 	2018-07-21 	None
2 	0.0 	[2]
ZWH.TO              	2017-07-01 	2018-07-21 	2 	294.32 	[2]
WFC.TO              	2017-07-01 	2018-07-21 	4 	938.86 	[4]
ZWB.TO              	2017-07-01 	2018-07-21 	7 	548.16 	[7]
ZWE.TO              	2017-07-01 	2018-07-21 	4 	93.72 	[4]
RTU-UN.TO           	2017-07-01 	2018-07-21 	12 	240.66 	[12]
ZWU.TO              	2017-07-01 	2018-07-21 	6 	-123.04 	[6]
WFT.TO              	2017-07-01 	2018-07-21 	5 	1369.52 	[5]
RTG.TO              	2017-07-01 	2018-07-21 	2 	-140.25 	[2]
ENB.TO              	2017-07-01 	2018-07-21 	3 	711.96 	[3]
RFP.TO              	2017-07-01 	2018-07-21 	18 	10518.66 	[18]
ENF.TO              	2017-07-01 	2018-07-21 	27 	253.9 	[27]
TEI.TO              	2017-07-01 	2018-07-21 	23 	-930.91 	[23]
ENT.TO              	2017-07-01 	2018-07-21 	10 	-1044.65 	[10]
OXF.TO              	2017-07-01 	2018-07-21 	4 	147.47 	[4]
OXC.TO              	2017-07-01 	2018-07-21 	3 	-2573.23 	[3]
FAO-A.TO            	2017-07-01 	2018-07-21 	None
-1.0 	-9999.0 	[-1.0]
SRU-UN.TO           	2017-07-01 	2018-07-21 	5 	-166.67 	[5]
FAO-U.TO            	2017-07-01 	2018-07-21 	None
-1.0 	-9999.0 	[-1.0]
XUU.TO              	2017-07-01 	2018-07-21 	3 	1199.66 	[3]
ATA.TO              	2017-07-01 	2018-07-21 	15 	2394.03 	[15]
ATL.TO              	2017-07-01 	2018-07-21 	5 	-780.67 	[5]
ISV.TO              	2017-07-01 	2018-07-21 	23 	7.0 	[23]
ATH.TO              	2017-07-01 	2018-07-21 	8 	4867.02 	[8]
ATP.TO              	2017-07-01 	2018-07-21 	4 	114.87 	[4]
SEV.TO              	2017-07-01 	2018-07-21 	16 	-1080.47 	[16]
SES.TO              	2017-07-01 	2018-07-21 	2 	742.78 	[2]
DRA-UN.TO           	2017-07-01 	2018-07-21 	6 	1068.05 	[6]
SEC.TO              	2017-07-01 	2018-07-21 	22 	313.81 	[22]
PVG.TO              	2017-07-01 	2018-07-21 	13 	2287.12 	[13]
SEN.TO              	2017-07-01 	2018-07-21 	21 	1923.14 	[21]
IMG.TO              	2017-07-01 	2018-07-21 	9 	983.05 	[9]
PDV.TO              	2017-07-01 	2018-07-21 	2 	-689.99 	[2]
CLF.TO              	2017-07-01 	2018-07-21 	27 	-77.5 	[27]
CLG.TO              	2017-07-01 	2018-07-21 	29 	-42.3 	[29]
IMO.TO              	2017-07-01 	2018-07-21 	7 	1552.63 	[7]
ONR-UN.TO           	2017-07-01 	2018-07-21 	None
-1.0 	-9999.0 	[-1.0]
IMP.TO              	2017-07-01 	2018-07-21 	10 	-1791.76 	[10]
MNS-U.TO            	2017-07-01 	2018-07-21 	None
-1.0 	-9999.0 	[-1.0]
PDL.TO              	2017-07-01 	2018-07-21 	14 	5018.75 	[14]
ACO-X.TO            	2017-07-01 	2018-07-21 	29 	-424.43 	[29]
ACO-Y.TO            	2017-07-01 	2018-07-21 	29 	-293.37 	[29]
FRU.TO              	2017-07-01 	2018-07-21 	12 	-365.04 	[12]
IMV.TO              	2017-07-01 	2018-07-21 	14 	5231.9 	[14]
MR-UN.TO            	2017-07-01 	2018-07-21 	29 	-583.87 	[29]
FRX.TO              	2017-07-01 	2018-07-21 	12 	3042.31 	[12]
PDC.TO              	2017-07-01 	2018-07-21 	15 	352.13 	[15]
CLR.TO              	2017-07-01 	2018-07-21 	8 	-651.97 	[8]
CLS.TO              	2017-07-01 	2018-07-21 	4 	1863.97 	[4]
ZEB.TO              	2017-07-01 	2018-07-21 	4 	725.82 	[4]
ZEA.TO              	2017-07-01 	2018-07-21 	4 	462.47 	[4]
ZEF.TO              	2017-07-01 	2018-07-21 	29 	-334.3 	[29]
ZEO.TO              	2017-07-01 	2018-07-21 	4 	1472.97 	[4]
ZEM.TO              	2017-07-01 	2018-07-21 	9 	380.99 	[9]
ZEQ.TO              	2017-07-01 	2018-07-21 	5 	456.46 	[5]
FIH-U.TO            	2017-07-01 	2018-07-21 	3 	456.09 	[3]
SWH.TO              	2017-07-01 	2018-07-21 	2 	-724.25 	[2]
DF.TO               	2017-07-01 	2018-07-21 	27 	391.59 	[27]
SWY.TO              	2017-07-01 	2018-07-21 	20 	-1136.51 	[20]
FDY.TO              	2017-07-01 	2018-07-21 	2 	162.26 	[2]
GMO.TO              	2017-07-01 	2018-07-21 	8 	1131.86 	[8]
DR.TO               	2017-07-01 	2018-07-21 	5 	135.21 	[5]
DS.TO               	2017-07-01 	2018-07-21 	2 	-94.28 	[2]
TGZ.TO              	2017-07-01 	2018-07-21 	25 	3182.84 	[25]
TCN.TO              	2017-07-01 	2018-07-21 	2 	264.62 	[2]
TGO.TO              	2017-07-01 	2018-07-21 	11 	4356.29 	[11]
TGL.TO              	2017-07-01 	2018-07-21 	6 	10629.71 	[6]
AJX.TO              	2017-07-01 	2018-07-21 	26 	2390.52 	[26]
LAS-A.TO            	2017-07-01 	2018-07-21 	12 	992.96 	[12]
CTF-UN.TO           	2017-07-01 	2018-07-21 	None
-1.0 	-9999.0 	[-1.0]
AUI-UN.TO           	2017-07-01 	2018-07-21 	4 	-178.83 	[4]
NRI.TO              	2017-07-01 	2018-07-21 	27 	-1646.11 	[27]
XGB.TO              	2017-07-01 	2018-07-21 	18 	49.27 	[18]
XGC.TO              	2017-07-01 	2018-07-21 	2 	23.0 	[2]
NRE.TO              	2017-07-01 	2018-07-21 	None
-1.0 	-9999.0 	[-1.0]
CIF-A.TO            	2017-07-01 	2018-07-21 	None
-1.0 	-9999.0 	[-1.0]
XGR.TO              	2017-07-01 	2018-07-21 	2 	-2.88 	[2]
APR-UN.TO           	2017-07-01 	2018-07-21 	14 	-177.1 	[14]
WN.TO               	2017-07-01 	2018-07-21 	2 	142.77 	[2]
WM.TO               	2017-07-01 	2018-07-21 	3 	-2113.32 	[3]
CPF-UN.TO           	2017-07-01 	2018-07-21 	None
-1.0 	-9999.0 	[-1.0]
HSD.TO              	2017-07-01 	2018-07-21 	24 	-992.5 	[24]
HSE.TO              	2017-07-01 	2018-07-21 	9 	2510.43 	[9]
RIT.TO              	2017-07-01 	2018-07-21 	3 	293.6 	[3]
HSL.TO              	2017-07-01 	2018-07-21 	3 	-190.35 	[3]
HSU.TO              	2017-07-01 	2018-07-21 	5 	2664.53 	[5]
RIE.TO              	2017-07-01 	2018-07-21 	3 	598.23 	[3]
NIF-UN.TO           	2017-07-01 	2018-07-21 	4 	93.77 	[4]
RIC.TO              	2017-07-01 	2018-07-21 	None
-1.0 	-9999.0 	[-1.0]
BEK-B.TO            	2017-07-01 	2018-07-21 	4 	-452.84 	[4]
HAJ.TO              	2017-07-01 	2018-07-21 	6 	117.59 	[6]
XIC.TO              	2017-07-01 	2018-07-21 	8 	584.48 	[8]
HAL.TO              	2017-07-01 	2018-07-21 	7 	500.0 	[7]
BNS.TO              	2017-07-01 	2018-07-21 	7 	430.69 	[7]
HAB.TO              	2017-07-01 	2018-07-21 	18 	-69.68 	[18]
HAC.TO              	2017-07-01 	2018-07-21 	6 	546.33 	[6]
HAD.TO              	2017-07-01 	2018-07-21 	29 	-30.86 	[29]
HAF.TO              	2017-07-01 	2018-07-21 	5 	-306.15 	[5]
EQI.TO              	2017-07-01 	2018-07-21 	None
-1.0 	-9999.0 	[-1.0]
HAZ.TO              	2017-07-01 	2018-07-21 	4 	650.0 	[4]
EQB.TO              	2017-07-01 	2018-07-21 	17 	1136.96 	[17]
BNG.TO              	2017-07-01 	2018-07-21 	8 	-339.18 	[8]
HAU.TO              	2017-07-01 	2018-07-21 	6 	434.62 	[6]
BND.TO              	2017-07-01 	2018-07-21 	28 	-185.86 	[28]
CES-B.TO            	2017-07-01 	2018-07-21 	None
-1.0 	-9999.0 	[-1.0]
CSH-UN.TO           	2017-07-01 	2018-07-21 	25 	335.69 	[25]
CES-U.TO            	2017-07-01 	2018-07-21 	None
-1.0 	-9999.0 	[-1.0]
TXG.TO              	2017-07-01 	2018-07-21 	22 	-366.19 	[22]
EMA.TO              	2017-07-01 	2018-07-21 	29 	-91.16 	[29]
RGX.TO              	2017-07-01 	2018-07-21 	2 	-2246.88 	[2]
VGH.TO              	2017-07-01 	2018-07-21 	6 	912.92 	[6]
VGG.TO              	2017-07-01 	2018-07-21 	3 	1034.7 	[3]
VGZ.TO              	2017-07-01 	2018-07-21 	2 	-1411.0 	[2]
GDI.TO              	2017-07-01 	2018-07-21 	10 	147.62 	[10]
BLB-UN.TO           	2017-07-01 	2018-07-21 	None
-1.0 	-9999.0 	[-1.0]
FSD.TO              	2017-07-01 	2018-07-21 	3 	-260.76 	[3]
PEY.TO              	2017-07-01 	2018-07-21 	13 	-1171.31 	[13]
COW.TO              	2017-07-01 	2018-07-21 	3 	853.23 	[3]
TWC.TO              	2017-07-01 	2018-07-21 	2 	-366.76 	[2]
PNC-B.TO            	2017-07-01 	2018-07-21 	3 	2896.9 	[3]
PEU.TO              	2017-07-01 	2018-07-21 	3 	582.39 	[3]
PNC-A.TO            	2017-07-01 	2018-07-21 	3 	5937.3 	[3]
FSL.TO              	2017-07-01 	2018-07-21 	8 	-188.77 	[8]
ILV.TO              	2017-07-01 	2018-07-21 	4 	188.97 	[4]
MPC-C.TO            	2017-07-01 	2018-07-21 	7 	63.71 	[7]
FSV.TO              	2017-07-01 	2018-07-21 	5 	1565.64 	[5]
RAV-UN.TO           	2017-07-01 	2018-07-21 	None
-1.0 	-9999.0 	[-1.0]
FSY.TO              	2017-07-01 	2018-07-21 	9 	362.78 	[9]
FSZ.TO              	2017-07-01 	2018-07-21 	9 	-372.41 	[9]
COM.TO              	2017-07-01 	2018-07-21 	28 	2638.04 	[28]
SJR-B.TO            	2017-07-01 	2018-07-21 	24 	215.57 	[24]
ZBK.TO              	2017-07-01 	2018-07-21 	5 	1373.03 	[5]
WIR-U.TO            	2017-07-01 	2018-07-21 	16 	204.22 	[16]
MQI-UN.TO           	2017-07-01 	2018-07-21 	None
-1.0 	-9999.0 	[-1.0]
IIP-UN.TO           	2017-07-01 	2018-07-21 	2 	1981.1 	[2]
UXM-B.TO            	2017-07-01 	2018-07-21 	2 	902.88 	[2]
UXM-A.TO            	2017-07-01 	2018-07-21 	None
-1.0 	-9999.0 	[-1.0]
TPX-A.TO            	2017-07-01 	2018-07-21 	24 	-513.81 	[24]
RUD.TO              	2017-07-01 	2018-07-21 	6 	988.27 	[6]
RUE.TO              	2017-07-01 	2018-07-21 	5 	774.47 	[5]
RUS.TO              	2017-07-01 	2018-07-21 	20 	429.4 	[20]
UFS.TO              	2017-07-01 	2018-07-21 	8 	1595.64 	[8]
AIM.TO              	2017-07-01 	2018-07-21 	14 	5958.33 	[14]
MKP.TO              	2017-07-01 	2018-07-21 	5 	770.83 	[5]
INC-UN.TO           	2017-07-01 	2018-07-21 	2 	2028.69 	[2]
DIV.TO              	2017-07-01 	2018-07-21 	6 	2468.75 	[6]
AIF.TO              	2017-07-01 	2018-07-21 	6 	169.42 	[6]
NSU.TO              	2017-07-01 	2018-07-21 	3 	3976.49 	[3]
XXM.TO              	2017-07-01 	2018-07-21 	7 	1146.18 	[7]
FFI-UN.TO           	2017-07-01 	2018-07-21 	5 	-377.13 	[5]
IRG.TO              	2017-07-01 	2018-07-21 	None
-1.0 	-9999.0 	[-1.0]
SDY.TO              	2017-07-01 	2018-07-21 	2 	-370.25 	[2]
PWF.TO              	2017-07-01 	2018-07-21 	9 	118.05 	[9]
MRG-UN.TO           	2017-07-01 	2018-07-21 	6 	521.69 	[6]
HBM.TO              	2017-07-01 	2018-07-21 	5 	-1331.56 	[5]
GDG-UN.TO           	2017-07-01 	2018-07-21 	None
-1.0 	-9999.0 	[-1.0]
HBD.TO              	2017-07-01 	2018-07-21 	13 	1105.01 	[13]
HBG.TO              	2017-07-01 	2018-07-21 	14 	286.63 	[14]
BOS.TO              	2017-07-01 	2018-07-21 	8 	2099.34 	[8]
EPS.TO              	2017-07-01 	2018-07-21 	28 	-203.39 	[28]
HBC.TO              	2017-07-01 	2018-07-21 	9 	1319.86 	[9]
HBB.TO              	2017-07-01 	2018-07-21 	20 	68.14 	[20]
ZIN.TO              	2017-07-01 	2018-07-21 	10 	827.86 	[10]
EPI.TO              	2017-07-01 	2018-07-21 	None
-1.0 	-9999.0 	[-1.0]
HBU.TO              	2017-07-01 	2018-07-21 	29 	-67.16 	[29]
HBP.TO              	2017-07-01 	2018-07-21 	4 	-641.67 	[4]
SXI.TO              	2017-07-01 	2018-07-21 	5 	-48.7 	[5]
LYD.TO              	2017-07-01 	2018-07-21 	3 	600.32 	[3]
SVM.TO              	2017-07-01 	2018-07-21 	5 	-570.17 	[5]
SVB.TO              	2017-07-01 	2018-07-21 	20 	1456.05 	[20]
SVC.TO              	2017-07-01 	2018-07-21 	None
-1.0 	-9999.0 	[-1.0]
GXE.TO              	2017-07-01 	2018-07-21 	5 	6229.48 	[5]
WRG.TO              	2017-07-01 	2018-07-21 	27 	-592.39 	[27]
EUR-A.TO            	2017-07-01 	2018-07-21 	None
-1.0 	-9999.0 	[-1.0]
GXO.TO              	2017-07-01 	2018-07-21 	6 	1269.77 	[6]
TC.TO               	2017-07-01 	2018-07-21 	8 	1634.33 	[8]
TXP.TO              	2017-07-01 	2018-07-21 	24 	5859.53 	[24]
VDU.TO              	2017-07-01 	2018-07-21 	3 	639.07 	[3]
VDY.TO              	2017-07-01 	2018-07-21 	13 	355.11 	[13]
FLI.TO              	2017-07-01 	2018-07-21 	4 	164.03 	[4]
ZLU-U.TO            	2017-07-01 	2018-07-21 	None
-1.0 	-9999.0 	[-1.0]
TNP.TO              	2017-07-01 	2018-07-21 	20 	4954.36 	[20]
SRT-UN.TO           	2017-07-01 	2018-07-21 	9 	-21.33 	[9]
TRI.TO              	2017-07-01 	2018-07-21 	11 	178.24 	[11]
EGI-UN.TO           	2017-07-01 	2018-07-21 	None
-1.0 	-9999.0 	[-1.0]
UTE-UN.TO           	2017-07-01 	2018-07-21 	None
-1.0 	-9999.0 	[-1.0]
TRZ.TO              	2017-07-01 	2018-07-21 	16 	2050.73 	[16]
TRQ.TO              	2017-07-01 	2018-07-21 	7 	412.69 	[7]
TRP.TO              	2017-07-01 	2018-07-21 	5 	-113.18 	[5]
MRT-UN.TO           	2017-07-01 	2018-07-21 	6 	-115.19 	[6]
HTB.TO              	2017-07-01 	2018-07-21 	21 	220.73 	[21]
CVD-A.TO            	2017-07-01 	2018-07-21 	None
-1.0 	-9999.0 	[-1.0]
NGI-UN.TO           	2017-07-01 	2018-07-21 	None
-1.0 	-9999.0 	[-1.0]
ZUQ.TO              	2017-07-01 	2018-07-21 	2 	1216.12 	[2]
ZUT.TO              	2017-07-01 	2018-07-21 	14 	-238.16 	[14]
ZUB.TO              	2017-07-01 	2018-07-21 	23 	1036.27 	[23]
ZUD.TO              	2017-07-01 	2018-07-21 	7 	777.84 	[7]
ESN.TO              	2017-07-01 	2018-07-21 	19 	1177.66 	[19]
ZUH.TO              	2017-07-01 	2018-07-21 	7 	1015.37 	[7]
NA.TO               	2017-07-01 	2018-07-21 	5 	1117.6 	[5]
NB.TO               	2017-07-01 	2018-07-21 	3 	179.17 	[3]
NG.TO               	2017-07-01 	2018-07-21 	6 	21.66 	[6]
JFS-UN.TO           	2017-07-01 	2018-07-21 	None
-1.0 	-9999.0 	[-1.0]
UEX.TO              	2017-07-01 	2018-07-21 	15 	3223.12 	[15]
RRX.TO              	2017-07-01 	2018-07-21 	7 	2409.7 	[7]
ELD.TO              	2017-07-01 	2018-07-21 	26 	1018.81 	[26]
TNT-UN.TO           	2017-07-01 	2018-07-21 	2 	398.36 	[2]
ACZ-UN.TO           	2017-07-01 	2018-07-21 	None
-1.0 	-9999.0 	[-1.0]
ELR.TO              	2017-07-01 	2018-07-21 	25 	-505.48 	[25]
RDL.TO              	2017-07-01 	2018-07-21 	2 	1525.84 	[2]
ELV.TO              	2017-07-01 	2018-07-21 	29 	118.06 	[29]
RDK.TO              	2017-07-01 	2018-07-21 	2 	-3143.74 	[2]
USB.TO              	2017-07-01 	2018-07-21 	17 	121.61 	[17]
USA.TO              	2017-07-01 	2018-07-21 	25 	643.93 	[25]
S.TO                	2017-07-01 	2018-07-21 	27 	1991.38 	[27]
AZZ.TO              	2017-07-01 	2018-07-21 	12 	-414.1 	[12]
RXE-U.TO            	2017-07-01 	2018-07-21 	None
-1.0 	-9999.0 	[-1.0]
SGY.TO              	2017-07-01 	2018-07-21 	3 	1937.75 	[3]
PXX.TO              	2017-07-01 	2018-07-21 	21 	2440.29 	[21]
PXS.TO              	2017-07-01 	2018-07-21 	6 	1057.39 	[6]
HPS-A.TO            	2017-07-01 	2018-07-21 	25 	1617.61 	[25]
EIT-UN.TO           	2017-07-01 	2018-07-21 	5 	468.19 	[5]
VSB.TO              	2017-07-01 	2018-07-21 	14 	-117.38 	[14]
PXT.TO              	2017-07-01 	2018-07-21 	8 	4672.55 	[8]
PXC.TO              	2017-07-01 	2018-07-21 	17 	666.83 	[17]
PXG.TO              	2017-07-01 	2018-07-21 	12 	724.76 	[12]
SGF.TO              	2017-07-01 	2018-07-21 	None
-1.0 	-9999.0 	[-1.0]
CNT.TO              	2017-07-01 	2018-07-21 	2 	-931.1 	[2]
CNU.TO              	2017-07-01 	2018-07-21 	4 	2005.16 	[4]
CNR.TO              	2017-07-01 	2018-07-21 	13 	710.86 	[13]
CNQ.TO              	2017-07-01 	2018-07-21 	6 	2212.91 	[6]
ICE.TO              	2017-07-01 	2018-07-21 	2 	1224.19 	[2]
CNE.TO              	2017-07-01 	2018-07-21 	2 	303.29 	[2]
ICP.TO              	2017-07-01 	2018-07-21 	None
-1.0 	-9999.0 	[-1.0]
PFB.TO              	2017-07-01 	2018-07-21 	2 	-225.74 	[2]
ZCL.TO              	2017-07-01 	2018-07-21 	9 	-1163.78 	[9]
ZCN.TO              	2017-07-01 	2018-07-21 	6 	536.19 	[6]
PCF-UN.TO           	2017-07-01 	2018-07-21 	None
-1.0 	-9999.0 	[-1.0]
PFL.TO              	2017-07-01 	2018-07-21 	2 	-69.88 	[2]
EBC-UN.TO           	2017-07-01 	2018-07-21 	None
-1.0 	-9999.0 	[-1.0]
DXM.TO              	2017-07-01 	2018-07-21 	25 	307.3 	[25]
DXI.TO              	2017-07-01 	2018-07-21 	7 	-1094.74 	[7]
ZCS.TO              	2017-07-01 	2018-07-21 	29 	-126.52 	[29]
ZIC-U.TO            	2017-07-01 	2018-07-21 	None
-1.0 	-9999.0 	[-1.0]
SIS.TO              	2017-07-01 	2018-07-21 	4 	1911.92 	[4]
SIA.TO              	2017-07-01 	2018-07-21 	9 	-3.62 	[9]
SII.TO              	2017-07-01 	2018-07-21 	23 	1647.56 	[23]
TAO.TO              	2017-07-01 	2018-07-21 	6 	-1397.29 	[6]
CBQ-A.TO            	2017-07-01 	2018-07-21 	None
-1.0 	-9999.0 	[-1.0]
SBT-U.TO            	2017-07-01 	2018-07-21 	None
-1.0 	-9999.0 	[-1.0]
AGF-B.TO            	2017-07-01 	2018-07-21 	23 	-337.67 	[23]
GIL.TO              	2017-07-01 	2018-07-21 	12 	46.69 	[12]
NPK.TO              	2017-07-01 	2018-07-21 	14 	1805.9 	[14]
NPC.TO              	2017-07-01 	2018-07-21 	None
-1.0 	-9999.0 	[-1.0]
PPL.TO              	2017-07-01 	2018-07-21 	20 	941.88 	[20]
TPX-B.TO            	2017-07-01 	2018-07-21 	13 	-14.91 	[13]
TSL.TO              	2017-07-01 	2018-07-21 	27 	877.48 	[27]
GUD.TO              	2017-07-01 	2018-07-21 	11 	347.05 	[11]
GUY.TO              	2017-07-01 	2018-07-21 	2 	291.84 	[2]
HUF.TO              	2017-07-01 	2018-07-21 	4 	275.5 	[4]
HUG.TO              	2017-07-01 	2018-07-21 	5 	-215.57 	[5]
KBL.TO              	2017-07-01 	2018-07-21 	2 	-125.08 	[2]
HUC.TO              	2017-07-01 	2018-07-21 	12 	1582.86 	[12]
HUN.TO              	2017-07-01 	2018-07-21 	5 	-312.46 	[5]
HUV.TO              	2017-07-01 	2018-07-21 	27 	-242.44 	[27]
HUZ.TO              	2017-07-01 	2018-07-21 	13 	-467.13 	[13]
KPT.TO              	2017-07-01 	2018-07-21 	16 	-228.99 	[16]
BLU.TO              	2017-07-01 	2018-07-21 	2 	1406.91 	[2]
K.TO                	2017-07-01 	2018-07-21 	7 	-454.03 	[7]
NFI.TO              	2017-07-01 	2018-07-21 	8 	753.62 	[8]
HCG.TO              	2017-07-01 	2018-07-21 	28 	739.86 	[28]
HCN.TO              	2017-07-01 	2018-07-21 	10 	815.62 	[10]
RET.TO              	2017-07-01 	2018-07-21 	2 	-827.8 	[2]
LFE.TO              	2017-07-01 	2018-07-21 	9 	251.17 	[9]
FCR.TO              	2017-07-01 	2018-07-21 	5 	179.58 	[5]
FCU.TO              	2017-07-01 	2018-07-21 	17 	557.6 	[17]
COW-A.TO            	2017-07-01 	2018-07-21 	4 	492.02 	[4]
TS-B.TO             	2017-07-01 	2018-07-21 	18 	1195.05 	[18]
FCS-UN.TO           	2017-07-01 	2018-07-21 	None
-1.0 	-9999.0 	[-1.0]
HUF-U.TO            	2017-07-01 	2018-07-21 	None
-1.0 	-9999.0 	[-1.0]
LFX.TO              	2017-07-01 	2018-07-21 	18 	1800.01 	[18]
RPI-UN.TO           	2017-07-01 	2018-07-21 	5 	1047.67 	[5]
VEE.TO              	2017-07-01 	2018-07-21 	8 	189.9 	[8]
XCG.TO              	2017-07-01 	2018-07-21 	11 	771.28 	[11]
ZDY-U.TO            	2017-07-01 	2018-07-21 	None
-1.0 	-9999.0 	[-1.0]
PXG-U.TO            	2017-07-01 	2018-07-21 	None
-1.0 	-9999.0 	[-1.0]
SW.TO               	2017-07-01 	2018-07-21 	21 	-53.3 	[21]
SU.TO               	2017-07-01 	2018-07-21 	10 	2217.57 	[10]
ST.TO               	2017-07-01 	2018-07-21 	None
-1.0 	-9999.0 	[-1.0]
SJ.TO               	2017-07-01 	2018-07-21 	29 	318.52 	[29]
CAS.TO              	2017-07-01 	2018-07-21 	7 	304.97 	[7]
PCF-U.TO            	2017-07-01 	2018-07-21 	None
-1.0 	-9999.0 	[-1.0]
IBG.TO              	2017-07-01 	2018-07-21 	25 	275.08 	[25]
CAM.TO              	2017-07-01 	2018-07-21 	None
-1.0 	-9999.0 	[-1.0]
CAL.TO              	2017-07-01 	2018-07-21 	7 	2377.91 	[7]
CAE.TO              	2017-07-01 	2018-07-21 	29 	1488.41 	[29]
PGF.TO              	2017-07-01 	2018-07-21 	4 	6580.29 	[4]
XCR.TO              	2017-07-01 	2018-07-21 	3 	-35.56 	[3]
PGD.TO              	2017-07-01 	2018-07-21 	3 	1054.69 	[3]
PGL.TO              	2017-07-01 	2018-07-21 	9 	184.5 	[9]
WRN.TO              	2017-07-01 	2018-07-21 	8 	-250.29 	[8]
BXF.TO              	2017-07-01 	2018-07-21 	20 	-133.78 	[20]
WCP.TO              	2017-07-01 	2018-07-21 	6 	1028.24 	[6]
ZRR.TO              	2017-07-01 	2018-07-21 	16 	277.8 	[16]
ZRE.TO              	2017-07-01 	2018-07-21 	7 	418.28 	[7]
ZFL.TO              	2017-07-01 	2018-07-21 	23 	102.43 	[23]
IHL-UN.TO           	2017-07-01 	2018-07-21 	None
-1.0 	-9999.0 	[-1.0]
CGX.TO              	2017-07-01 	2018-07-21 	24 	-546.26 	[24]
RSI.TO              	2017-07-01 	2018-07-21 	29 	-684.7 	[29]
ZAG.TO              	2017-07-01 	2018-07-21 	18 	51.67 	[18]
OGD.TO              	2017-07-01 	2018-07-21 	22 	749.85 	[22]
OGC.TO              	2017-07-01 	2018-07-21 	13 	670.14 	[13]
MIC.TO              	2017-07-01 	2018-07-21 	2 	1284.21 	[2]
FIE.TO              	2017-07-01 	2018-07-21 	4 	343.41 	[4]
MKZ-UN.TO           	2017-07-01 	2018-07-21 	3 	-84.24 	[3]
PFT-UN.TO           	2017-07-01 	2018-07-21 	3 	233.08 	[3]
AOI.TO              	2017-07-01 	2018-07-21 	12 	204.22 	[12]
AYM.TO              	2017-07-01 	2018-07-21 	22 	2326.77 	[22]
URE.TO              	2017-07-01 	2018-07-21 	8 	476.55 	[8]
URB.TO              	2017-07-01 	2018-07-21 	22 	-822.25 	[22]
AYA.TO              	2017-07-01 	2018-07-21 	None
-1.0 	-9999.0 	[-1.0]
L.TO                	2017-07-01 	2018-07-21 	5 	-55.19 	[5]
SOY.TO              	2017-07-01 	2018-07-21 	7 	1817.21 	[7]
OSL-UN.TO           	2017-07-01 	2018-07-21 	None
-1.0 	-9999.0 	[-1.0]
IPL.TO              	2017-07-01 	2018-07-21 	14 	1076.76 	[14]
PYF.TO              	2017-07-01 	2018-07-21 	5 	-46.39 	[5]
NGD.TO              	2017-07-01 	2018-07-21 	24 	-1531.27 	[24]
XLB.TO              	2017-07-01 	2018-07-21 	18 	177.35 	[18]
FUD-A.TO            	2017-07-01 	2018-07-21 	None
-1.0 	-9999.0 	[-1.0]
NGQ.TO              	2017-07-01 	2018-07-21 	9 	499.41 	[9]
BMO.TO              	2017-07-01 	2018-07-21 	7 	848.08 	[7]
ET.TO               	2017-07-01 	2018-07-21 	6 	-329.61 	[6]
ER.TO               	2017-07-01 	2018-07-21 	29 	-668.05 	[29]
MGA.TO              	2017-07-01 	2018-07-21 	25 	-1301.7 	[25]
ISL-U.TO            	2017-07-01 	2018-07-21 	2 	-70.03 	[2]
TBL.TO              	2017-07-01 	2018-07-21 	12 	916.02 	[12]
GZT.TO              	2017-07-01 	2018-07-21 	2 	-475.28 	[2]
TVA-B.TO            	2017-07-01 	2018-07-21 	7 	-803.03 	[7]
HOT-UN.TO           	2017-07-01 	2018-07-21 	18 	182.69 	[18]
LUC.TO              	2017-07-01 	2018-07-21 	10 	-620.91 	[10]
LUG.TO              	2017-07-01 	2018-07-21 	15 	-443.3 	[15]
SRT-U.TO            	2017-07-01 	2018-07-21 	None
-1.0 	-9999.0 	[-1.0]
WPK.TO              	2017-07-01 	2018-07-21 	29 	-149.1 	[29]
HYB-UN.TO           	2017-07-01 	2018-07-21 	None
-1.0 	-9999.0 	[-1.0]
NPI.TO              	2017-07-01 	2018-07-21 	3 	425.73 	[3]
GTE.TO              	2017-07-01 	2018-07-21 	6 	3011.32 	[6]
RME.TO              	2017-07-01 	2018-07-21 	10 	120.78 	[10]
TLB.TO              	2017-07-01 	2018-07-21 	None
-1.0 	-9999.0 	[-1.0]
GTX.TO              	2017-07-01 	2018-07-21 	19 	2212.09 	[19]
TLO.TO              	2017-07-01 	2018-07-21 	2 	-1643.95 	[2]
HVI.TO              	2017-07-01 	2018-07-21 	6 	3608.87 	[6]
KEL.TO              	2017-07-01 	2018-07-21 	3 	3120.22 	[3]
KEY.TO              	2017-07-01 	2018-07-21 	6 	309.77 	[6]
HVU.TO              	2017-07-01 	2018-07-21 	21 	-1004.5 	[21]
KER.TO              	2017-07-01 	2018-07-21 	2 	-352.59 	[2]
ZST.TO              	2017-07-01 	2018-07-21 	28 	-170.02 	[28]
ZSU.TO              	2017-07-01 	2018-07-21 	18 	-177.04 	[18]
ZSP.TO              	2017-07-01 	2018-07-21 	3 	1048.71 	[3]
TLV.TO              	2017-07-01 	2018-07-21 	27 	152.04 	[27]
XUH.TO              	2017-07-01 	2018-07-21 	5 	1216.13 	[5]
DXM-A.TO            	2017-07-01 	2018-07-21 	None
-1.0 	-9999.0 	[-1.0]
RPD.TO              	2017-07-01 	2018-07-21 	5 	280.21 	[5]
ASR.TO              	2017-07-01 	2018-07-21 	3 	937.33 	[3]
HXF.TO              	2017-07-01 	2018-07-21 	11 	682.54 	[11]
HXE.TO              	2017-07-01 	2018-07-21 	6 	1720.59 	[6]
HXD.TO              	2017-07-01 	2018-07-21 	22 	-132.71 	[22]
HXS.TO              	2017-07-01 	2018-07-21 	7 	1183.13 	[7]
HXU.TO              	2017-07-01 	2018-07-21 	8 	1798.67 	[8]
HXT.TO              	2017-07-01 	2018-07-21 	7 	907.55 	[7]
RBA.TO              	2017-07-01 	2018-07-21 	4 	2013.87 	[4]
AXR.TO              	2017-07-01 	2018-07-21 	5 	461.7 	[5]
AXY.TO              	2017-07-01 	2018-07-21 	None
-1.0 	-9999.0 	[-1.0]
JE.TO               	2017-07-01 	2018-07-21 	18 	-65.0 	[18]
SSF-UN.TO           	2017-07-01 	2018-07-21 	None
-1.0 	-9999.0 	[-1.0]
PZW.TO              	2017-07-01 	2018-07-21 	5 	802.42 	[5]
ZAR.TO              	2017-07-01 	2018-07-21 	8 	163.54 	[8]
LOW-UN.TO           	2017-07-01 	2018-07-21 	None
-1.0 	-9999.0 	[-1.0]
PZA.TO              	2017-07-01 	2018-07-21 	9 	-327.81 	[9]
PZC.TO              	2017-07-01 	2018-07-21 	3 	121.14 	[3]
IAM.TO              	2017-07-01 	2018-07-21 	20 	1045.43 	[20]
FVL.TO              	2017-07-01 	2018-07-21 	2 	-1825.01 	[2]
FVI.TO              	2017-07-01 	2018-07-21 	18 	1832.16 	[18]
IAG.TO              	2017-07-01 	2018-07-21 	22 	101.34 	[22]
DSL-UN.TO           	2017-07-01 	2018-07-21 	None
-1.0 	-9999.0 	[-1.0]
HGI-UN.TO           	2017-07-01 	2018-07-21 	4 	205.63 	[4]
PHE.TO              	2017-07-01 	2018-07-21 	4 	643.18 	[4]
PHX.TO              	2017-07-01 	2018-07-21 	14 	680.25 	[14]
FNV.TO              	2017-07-01 	2018-07-21 	5 	91.53 	[5]
PHR.TO              	2017-07-01 	2018-07-21 	7 	-7.95 	[7]
PHW.TO              	2017-07-01 	2018-07-21 	7 	-3.9 	[7]
PGI-UN.TO           	2017-07-01 	2018-07-21 	None
-1.0 	-9999.0 	[-1.0]
AAR-UN.TO           	2017-07-01 	2018-07-21 	14 	1085.25 	[14]
MFC.TO              	2017-07-01 	2018-07-21 	13 	278.25 	[13]
RCO-UN.TO           	2017-07-01 	2018-07-21 	3 	514.81 	[3]
MFI.TO              	2017-07-01 	2018-07-21 	6 	0.410000000002 	[6]
TCS.TO              	2017-07-01 	2018-07-21 	27 	1634.44 	[27]
IFL-UN.TO           	2017-07-01 	2018-07-21 	None
-1.0 	-9999.0 	[-1.0]
GEI.TO              	2017-07-01 	2018-07-21 	6 	542.38 	[6]
GEO.TO              	2017-07-01 	2018-07-21 	20 	95.32 	[20]
GEN.TO              	2017-07-01 	2018-07-21 	29 	-1437.25 	[29]
DDC.TO              	2017-07-01 	2018-07-21 	None
-1.0 	-9999.0 	[-1.0]
FTB.TO              	2017-07-01 	2018-07-21 	9 	-135.72 	[9]
NVA.TO              	2017-07-01 	2018-07-21 	11 	2902.46 	[11]
ANX.TO              	2017-07-01 	2018-07-21 	29 	303.22 	[29]
TMR.TO              	2017-07-01 	2018-07-21 	2 	205.6 	[2]
HTB-U.TO            	2017-07-01 	2018-07-21 	None
-1.0 	-9999.0 	[-1.0]
VUN.TO              	2017-07-01 	2018-07-21 	6 	1138.45 	[6]
GWO.TO              	2017-07-01 	2018-07-21 	11 	-235.39 	[11]
TMB.TO              	2017-07-01 	2018-07-21 	None
-1.0 	-9999.0 	[-1.0]
TGF-UN.TO           	2017-07-01 	2018-07-21 	None
-1.0 	-9999.0 	[-1.0]
GWR.TO              	2017-07-01 	2018-07-21 	5 	208.21 	[5]
TMI.TO              	2017-07-01 	2018-07-21 	24 	-2839.46 	[24]
PMB-UN.TO           	2017-07-01 	2018-07-21 	None
-1.0 	-9999.0 	[-1.0]
TML.TO              	2017-07-01 	2018-07-21 	24 	-941.8 	[24]
IGM.TO              	2017-07-01 	2018-07-21 	18 	-110.09 	[18]
KMP-UN.TO           	2017-07-01 	2018-07-21 	14 	856.09 	[14]
QEC.TO              	2017-07-01 	2018-07-21 	7 	-1427.1 	[7]
CLG-A.TO            	2017-07-01 	2018-07-21 	None
-1.0 	-9999.0 	[-1.0]
HWD.TO              	2017-07-01 	2018-07-21 	None
-1.0 	-9999.0 	[-1.0]
KDX.TO              	2017-07-01 	2018-07-21 	26 	2081.08 	[26]
HEU.TO              	2017-07-01 	2018-07-21 	8 	3954.34 	[8]
RIE-U.TO            	2017-07-01 	2018-07-21 	None
-1.0 	-9999.0 	[-1.0]
HEW.TO              	2017-07-01 	2018-07-21 	2 	871.62 	[2]
HEP.TO              	2017-07-01 	2018-07-21 	2 	-162.25 	[2]
HER.TO              	2017-07-01 	2018-07-21 	None
-1.0 	-9999.0 	[-1.0]
HEX.TO              	2017-07-01 	2018-07-21 	7 	589.62 	[7]
HED.TO              	2017-07-01 	2018-07-21 	15 	-470.64 	[15]
HEE.TO              	2017-07-01 	2018-07-21 	3 	903.14 	[3]
HEF.TO              	2017-07-01 	2018-07-21 	10 	241.04 	[10]
KRN.TO              	2017-07-01 	2018-07-21 	2 	-1636.77 	[2]
HEA.TO              	2017-07-01 	2018-07-21 	3 	866.42 	[3]
NDQ.TO              	2017-07-01 	2018-07-21 	None
-1.0 	-9999.0 	[-1.0]
XMV.TO              	2017-07-01 	2018-07-21 	4 	369.02 	[4]
XMW.TO              	2017-07-01 	2018-07-21 	5 	588.52 	[5]
BUA-UN.TO           	2017-07-01 	2018-07-21 	None
-1.0 	-9999.0 	[-1.0]
HEJ.TO              	2017-07-01 	2018-07-21 	4 	-90.1 	[4]
RET-A.TO            	2017-07-01 	2018-07-21 	2 	-667.63 	[2]
GCG-A.TO            	2017-07-01 	2018-07-21 	14 	191.4 	[14]
RUD-U.TO            	2017-07-01 	2018-07-21 	None
-1.0 	-9999.0 	[-1.0]
REF-UN.TO           	2017-07-01 	2018-07-21 	3 	750.55 	[3]
ADC-UN.TO           	2017-07-01 	2018-07-21 	None
-1.0 	-9999.0 	[-1.0]
HYD.TO              	2017-07-01 	2018-07-21 	2 	-2913.31 	[2]
HYG.TO              	2017-07-01 	2018-07-21 	8 	567.13 	[8]
HYI.TO              	2017-07-01 	2018-07-21 	4 	-285.05 	[4]
CCL-A.TO            	2017-07-01 	2018-07-21 	3 	891.91 	[3]
CCL-B.TO            	2017-07-01 	2018-07-21 	5 	847.99 	[5]
WSP.TO              	2017-07-01 	2018-07-21 	12 	1973.99 	[12]
SIN-UN.TO           	2017-07-01 	2018-07-21 	None
-1.0 	-9999.0 	[-1.0]
RCH.TO              	2017-07-01 	2018-07-21 	15 	250.79 	[15]
EIF.TO              	2017-07-01 	2018-07-21 	7 	786.65 	[7]
RCD.TO              	2017-07-01 	2018-07-21 	8 	378.43 	[8]
RCE.TO              	2017-07-01 	2018-07-21 	3 	328.52 	[3]
FAR.TO              	2017-07-01 	2018-07-21 	24 	-904.57 	[24]
FAP.TO              	2017-07-01 	2018-07-21 	29 	-423.81 	[29]
FAI.TO              	2017-07-01 	2018-07-21 	28 	109.41 	[28]
FAO.TO              	2017-07-01 	2018-07-21 	2 	-268.33 	[2]
TCT-UN.TO           	2017-07-01 	2018-07-21 	None
-1.0 	-9999.0 	[-1.0]
LVN.TO              	2017-07-01 	2018-07-21 	29 	-2553.37 	[29]
CCX.TO              	2017-07-01 	2018-07-21 	20 	1828.58 	[20]
CCM.TO              	2017-07-01 	2018-07-21 	21 	-2738.37 	[21]
CCO.TO              	2017-07-01 	2018-07-21 	24 	730.15 	[24]
CCA.TO              	2017-07-01 	2018-07-21 	16 	-801.99 	[16]
PIH.TO              	2017-07-01 	2018-07-21 	None
-1.0 	-9999.0 	[-1.0]
PIN.TO              	2017-07-01 	2018-07-21 	29 	-168.46 	[29]
PID.TO              	2017-07-01 	2018-07-21 	19 	180.25 	[19]
PIF.TO              	2017-07-01 	2018-07-21 	8 	726.4 	[8]
ZPS.TO              	2017-07-01 	2018-07-21 	21 	-97.79 	[21]
CQE.TO              	2017-07-01 	2018-07-21 	28 	2264.5 	[28]
HXS-U.TO            	2017-07-01 	2018-07-21 	None
-1.0 	-9999.0 	[-1.0]
TXT-UN.TO           	2017-07-01 	2018-07-21 	4 	335.89 	[4]
RQF.TO              	2017-07-01 	2018-07-21 	2 	-150.61 	[2]
RQG.TO              	2017-07-01 	2018-07-21 	26 	-146.93 	[26]
CCI-UN.TO           	2017-07-01 	2018-07-21 	3 	-193.8 	[3]
OR.TO               	2017-07-01 	2018-07-21 	15 	-532.17 	[15]
ZLD.TO              	2017-07-01 	2018-07-21 	7 	387.53 	[7]
ZLC.TO              	2017-07-01 	2018-07-21 	21 	-33.03 	[21]
ZLB.TO              	2017-07-01 	2018-07-21 	5 	351.59 	[5]
CEF-U.TO            	2017-07-01 	2018-07-21 	None
-1.0 	-9999.0 	[-1.0]
PSK.TO              	2017-07-01 	2018-07-21 	10 	294.43 	[10]
ZLI.TO              	2017-07-01 	2018-07-21 	7 	480.73 	[7]
ZLH.TO              	2017-07-01 	2018-07-21 	3 	269.07 	[3]
ZLU.TO              	2017-07-01 	2018-07-21 	2 	595.96 	[2]
CEF-A.TO            	2017-07-01 	2018-07-21 	None
-1.0 	-9999.0 	[-1.0]
DEE.TO              	2017-07-01 	2018-07-21 	6 	-465.51 	[6]
RBN-UN.TO           	2017-07-01 	2018-07-21 	29 	-189.73 	[29]
AMM.TO              	2017-07-01 	2018-07-21 	19 	-835.18 	[19]
SCW-UN.TO           	2017-07-01 	2018-07-21 	2 	96.63 	[2]
CED-A.TO            	2017-07-01 	2018-07-21 	None
-1.0 	-9999.0 	[-1.0]
FM.TO               	2017-07-01 	2018-07-21 	3 	2636.77 	[3]
PIC-A.TO            	2017-07-01 	2018-07-21 	14 	750.14 	[14]
PFU-UN.TO           	2017-07-01 	2018-07-21 	None
-1.0 	-9999.0 	[-1.0]
VCN.TO              	2017-07-01 	2018-07-21 	4 	681.58 	[4]
XQB-A.TO            	2017-07-01 	2018-07-21 	None
-1.0 	-9999.0 	[-1.0]
RBO.TO              	2017-07-01 	2018-07-21 	25 	-96.34 	[25]
CHE-UN.TO           	2017-07-01 	2018-07-21 	27 	29.41 	[27]
KEG-UN.TO           	2017-07-01 	2018-07-21 	12 	-475.6 	[12]
ACD.TO              	2017-07-01 	2018-07-21 	6 	476.04 	[6]
HFP.TO              	2017-07-01 	2018-07-21 	24 	218.06 	[24]
HFR.TO              	2017-07-01 	2018-07-21 	2 	-168.32 	[2]
HFU.TO              	2017-07-01 	2018-07-21 	4 	1500.84 	[4]
ACQ.TO              	2017-07-01 	2018-07-21 	12 	-154.62 	[12]
XFF.TO              	2017-07-01 	2018-07-21 	10 	486.18 	[10]
HFD.TO              	2017-07-01 	2018-07-21 	5 	-193.43 	[5]
ISL-UN.TO           	2017-07-01 	2018-07-21 	4 	-302.1 	[4]
GGD.TO              	2017-07-01 	2018-07-21 	24 	-932.36 	[24]
BKI.TO              	2017-07-01 	2018-07-21 	26 	55.17 	[26]
YXM.TO              	2017-07-01 	2018-07-21 	4 	1273.35 	[4]
BKX.TO              	2017-07-01 	2018-07-21 	29 	5972.16 	[29]
SOT-UN.TO           	2017-07-01 	2018-07-21 	5 	-17.46 	[5]
MEG.TO              	2017-07-01 	2018-07-21 	8 	5454.28 	[8]
GDS.TO              	2017-07-01 	2018-07-21 	None
-1.0 	-9999.0 	[-1.0]
HEN-UN.TO           	2017-07-01 	2018-07-21 	None
-1.0 	-9999.0 	[-1.0]
GDC.TO              	2017-07-01 	2018-07-21 	19 	-162.5 	[19]
MEQ.TO              	2017-07-01 	2018-07-21 	4 	654.5 	[4]
GDL.TO              	2017-07-01 	2018-07-21 	7 	-1114.79 	[7]
ZMI.TO              	2017-07-01 	2018-07-21 	4 	75.78 	[4]
SMU-UN.TO           	2017-07-01 	2018-07-21 	5 	1064.8 	[5]
RWU-B.TO            	2017-07-01 	2018-07-21 	None
-1.0 	-9999.0 	[-1.0]
RWU-D.TO            	2017-07-01 	2018-07-21 	None
-1.0 	-9999.0 	[-1.0]
ABK-A.TO            	2017-07-01 	2018-07-21 	None
-1.0 	-9999.0 	[-1.0]
TV.TO               	2017-07-01 	2018-07-21 	29 	-783.66 	[29]
TXF.TO              	2017-07-01 	2018-07-21 	3 	1211.18 	[3]
TH.TO               	2017-07-01 	2018-07-21 	24 	3396.1 	[24]
TD.TO               	2017-07-01 	2018-07-21 	9 	1171.62 	[9]
TA.TO               	2017-07-01 	2018-07-21 	14 	155.28 	[14]
AC.TO               	2017-07-01 	2018-07-21 	23 	715.72 	[23]
AD.TO               	2017-07-01 	2018-07-21 	12 	-640.12 	[12]
AF.TO               	2017-07-01 	2018-07-21 	None
-1.0 	-9999.0 	[-1.0]
AI.TO               	2017-07-01 	2018-07-21 	6 	357.29 	[6]
GVC.TO              	2017-07-01 	2018-07-21 	26 	1634.84 	[26]
LGT-B.TO            	2017-07-01 	2018-07-21 	25 	1989.64 	[25]
TNX.TO              	2017-07-01 	2018-07-21 	16 	2146.83 	[16]
LGT-A.TO            	2017-07-01 	2018-07-21 	2 	1902.75 	[2]
AR.TO               	2017-07-01 	2018-07-21 	7 	71.24 	[7]
AZ.TO               	2017-07-01 	2018-07-21 	4 	4205.2 	[4]
NEW-A.TO            	2017-07-01 	2018-07-21 	7 	1435.08 	[7]
NKO.TO              	2017-07-01 	2018-07-21 	29 	2354.42 	[29]
XTD.TO              	2017-07-01 	2018-07-21 	4 	284.41 	[4]
HHF.TO              	2017-07-01 	2018-07-21 	7 	464.77 	[7]
GAF-UN.TO           	2017-07-01 	2018-07-21 	2 	534.93 	[2]
CPH.TO              	2017-07-01 	2018-07-21 	6 	-2190.93 	[6]
ZQQ.TO              	2017-07-01 	2018-07-21 	5 	1415.86 	[5]
CPX.TO              	2017-07-01 	2018-07-21 	5 	233.52 	[5]
ZMP.TO              	2017-07-01 	2018-07-21 	16 	38.49 	[16]
ZFS.TO              	2017-07-01 	2018-07-21 	26 	-84.94 	[26]
DCD-UN.TO           	2017-07-01 	2018-07-21 	None
-1.0 	-9999.0 	[-1.0]
MNT-U.TO            	2017-07-01 	2018-07-21 	None
-1.0 	-9999.0 	[-1.0]
HZD.TO              	2017-07-01 	2018-07-21 	15 	814.77 	[15]
HZM.TO              	2017-07-01 	2018-07-21 	3 	-698.74 	[3]
CKI.TO              	2017-07-01 	2018-07-21 	15 	1271.83 	[15]
HZU.TO              	2017-07-01 	2018-07-21 	2 	-595.18 	[2]
P.TO                	2017-07-01 	2018-07-21 	23 	10944.24 	[23]
AVL.TO              	2017-07-01 	2018-07-21 	14 	-2406.17 	[14]
LAM.TO              	2017-07-01 	2018-07-21 	22 	2613.86 	[22]
FFN.TO              	2017-07-01 	2018-07-21 	4 	-199.13 	[4]
FFH.TO              	2017-07-01 	2018-07-21 	12 	1039.2 	[12]
AMI.TO              	2017-07-01 	2018-07-21 	None
-1.0 	-9999.0 	[-1.0]
QBR-B.TO            	2017-07-01 	2018-07-21 	18 	593.23 	[18]
QBR-A.TO            	2017-07-01 	2018-07-21 	3 	901.95 	[3]
SBB.TO              	2017-07-01 	2018-07-21 	5 	-876.96 	[5]
FNM-UN.TO           	2017-07-01 	2018-07-21 	None
-1.0 	-9999.0 	[-1.0]
PZW-U.TO            	2017-07-01 	2018-07-21 	None
-1.0 	-9999.0 	[-1.0]
FTP.TO              	2017-07-01 	2018-07-21 	None
-1.0 	-9999.0 	[-1.0]
FTS.TO              	2017-07-01 	2018-07-21 	15 	189.05 	[15]
FTU.TO              	2017-07-01 	2018-07-21 	6 	-1340.26 	[6]
FTT.TO              	2017-07-01 	2018-07-21 	3 	1060.4 	[3]
IGG.TO              	2017-07-01 	2018-07-21 	None
-1.0 	-9999.0 	[-1.0]
FTG.TO              	2017-07-01 	2018-07-21 	2 	532.05 	[2]
AKT-B.TO            	2017-07-01 	2018-07-21 	29 	-974.98 	[29]
AKT-A.TO            	2017-07-01 	2018-07-21 	27 	-400.59 	[27]
FTN.TO              	2017-07-01 	2018-07-21 	10 	-62.62 	[10]
TLF-UN.TO           	2017-07-01 	2018-07-21 	None
-1.0 	-9999.0 	[-1.0]
CBD.TO              	2017-07-01 	2018-07-21 	6 	75.08 	[6]
SBN.TO              	2017-07-01 	2018-07-21 	8 	-60.13 	[8]
CBH.TO              	2017-07-01 	2018-07-21 	28 	-125.06 	[28]
CBN.TO              	2017-07-01 	2018-07-21 	4 	484.29 	[4]
CBO.TO              	2017-07-01 	2018-07-21 	28 	-180.75 	[28]
CBL.TO              	2017-07-01 	2018-07-21 	12 	119.91 	[12]
CTC-A.TO            	2017-07-01 	2018-07-21 	6 	755.97 	[6]
CBQ.TO              	2017-07-01 	2018-07-21 	6 	359.0 	[6]
RPD-U.TO            	2017-07-01 	2018-07-21 	None
-1.0 	-9999.0 	[-1.0]
MXF.TO              	2017-07-01 	2018-07-21 	6 	18.25 	[6]
MXG.TO              	2017-07-01 	2018-07-21 	4 	-602.83 	[4]
EMP-A.TO            	2017-07-01 	2018-07-21 	3 	2368.58 	[3]
FR.TO               	2017-07-01 	2018-07-21 	4 	1067.47 	[4]
FT.TO               	2017-07-01 	2018-07-21 	13 	1037.76 	[13]
XHB.TO              	2017-07-01 	2018-07-21 	21 	-147.22 	[21]
SMT.TO              	2017-07-01 	2018-07-21 	5 	694.23 	[5]
GQM.TO              	2017-07-01 	2018-07-21 	25 	-1219.74 	[25]
FC.TO               	2017-07-01 	2018-07-21 	28 	275.91 	[28]
SMF.TO              	2017-07-01 	2018-07-21 	7 	792.35 	[7]
SMC.TO              	2017-07-01 	2018-07-21 	4 	-1099.47 	[4]
FN.TO               	2017-07-01 	2018-07-21 	6 	875.82 	[6]
MDI.TO              	2017-07-01 	2018-07-21 	3 	-707.16 	[3]
MDA.TO              	2017-07-01 	2018-07-21 	None
-1.0 	-9999.0 	[-1.0]
MDF.TO              	2017-07-01 	2018-07-21 	25 	-555.04 	[25]
DHX-B.TO            	2017-07-01 	2018-07-21 	17 	-284.54 	[17]
DHX-A.TO            	2017-07-01 	2018-07-21 	27 	-135.15 	[27]
GGA.TO              	2017-07-01 	2018-07-21 	2 	-1709.71 	[2]
DFN.TO              	2017-07-01 	2018-07-21 	10 	-146.46 	[10]
ZMT.TO              	2017-07-01 	2018-07-21 	5 	424.97 	[5]
ZMU.TO              	2017-07-01 	2018-07-21 	27 	-248.28 	[27]
LVU-UN.TO           	2017-07-01 	2018-07-21 	None
-1.0 	-9999.0 	[-1.0]
ALB.TO              	2017-07-01 	2018-07-21 	4 	583.82 	[4]
ALC.TO              	2017-07-01 	2018-07-21 	22 	1234.85 	[22]
MFR-UN.TO           	2017-07-01 	2018-07-21 	9 	-449.55 	[9]
ALA.TO              	2017-07-01 	2018-07-21 	25 	379.82 	[25]
ALS.TO              	2017-07-01 	2018-07-21 	5 	1029.07 	[5]
TOY.TO              	2017-07-01 	2018-07-21 	13 	1430.65 	[13]
TOS.TO              	2017-07-01 	2018-07-21 	17 	-110.18 	[17]
TOT.TO              	2017-07-01 	2018-07-21 	12 	-103.64 	[12]
TOU.TO              	2017-07-01 	2018-07-21 	22 	278.2 	[22]
TOG.TO              	2017-07-01 	2018-07-21 	26 	3048.67 	[26]
HIU.TO              	2017-07-01 	2018-07-21 	17 	-634.75 	[17]
HIX.TO              	2017-07-01 	2018-07-21 	10 	-141.69 	[10]
FIE-A.TO            	2017-07-01 	2018-07-21 	8 	230.59 	[8]
HII.TO              	2017-07-01 	2018-07-21 	3 	554.44 	[3]
HGY.TO              	2017-07-01 	2018-07-21 	29 	-221.85 	[29]
HGU.TO              	2017-07-01 	2018-07-21 	4 	-466.03 	[4]
HGM.TO              	2017-07-01 	2018-07-21 	3 	232.93 	[3]
ABT.TO              	2017-07-01 	2018-07-21 	15 	837.68 	[15]
ABX.TO              	2017-07-01 	2018-07-21 	19 	-134.18 	[19]
HGD.TO              	2017-07-01 	2018-07-21 	20 	1247.04 	[20]
KFS.TO              	2017-07-01 	2018-07-21 	7 	-287.52 	[7]
FSD-A.TO            	2017-07-01 	2018-07-21 	None
-1.0 	-9999.0 	[-1.0]
EGL.TO              	2017-07-01 	2018-07-21 	10 	1945.3 	[10]
TCL-B.TO            	2017-07-01 	2018-07-21 	5 	1667.71 	[5]
LBS.TO              	2017-07-01 	2018-07-21 	4 	10.74 	[4]
FGX.TO              	2017-07-01 	2018-07-21 	24 	-691.76 	[24]
GSB-UN.TO           	2017-07-01 	2018-07-21 	None
-1.0 	-9999.0 	[-1.0]
BXF-A.TO            	2017-07-01 	2018-07-21 	None
-1.0 	-9999.0 	[-1.0]
RLE.TO              	2017-07-01 	2018-07-21 	6 	97.25 	[6]
ZSP-U.TO            	2017-07-01 	2018-07-21 	None
-1.0 	-9999.0 	[-1.0]
VET.TO              	2017-07-01 	2018-07-21 	7 	1832.71 	[7]
SKG-UN.TO           	2017-07-01 	2018-07-21 	10 	388.09 	[10]
VII.TO              	2017-07-01 	2018-07-21 	2 	-66.65 	[2]
VIU.TO              	2017-07-01 	2018-07-21 	3 	540.33 	[3]
IFP.TO              	2017-07-01 	2018-07-21 	2 	2445.15 	[2]
ZUE.TO              	2017-07-01 	2018-07-21 	5 	1329.77 	[5]
FUD.TO              	2017-07-01 	2018-07-21 	3 	340.83 	[3]
IFA.TO              	2017-07-01 	2018-07-21 	3 	-359.63 	[3]
IFC.TO              	2017-07-01 	2018-07-21 	2 	-223.59 	[2]
CEE.TO              	2017-07-01 	2018-07-21 	6 	410.58 	[6]
CED.TO              	2017-07-01 	2018-07-21 	2 	525.41 	[2]
ZWH-U.TO            	2017-07-01 	2018-07-21 	None
-1.0 	-9999.0 	[-1.0]
CEW.TO              	2017-07-01 	2018-07-21 	10 	506.8 	[10]
CEU.TO              	2017-07-01 	2018-07-21 	18 	1004.95 	[18]
CET.TO              	2017-07-01 	2018-07-21 	9 	2456.13 	[9]
PKI.TO              	2017-07-01 	2018-07-21 	13 	1538.05 	[13]
PAR-UN.TO           	2017-07-01 	2018-07-21 	4 	-580.92 	[4]
CGI.TO              	2017-07-01 	2018-07-21 	8 	661.89 	[8]
CSD.TO              	2017-07-01 	2018-07-21 	4 	-216.9 	[4]
NCD-UN.TO           	2017-07-01 	2018-07-21 	29 	134.8 	[29]
CSY.TO              	2017-07-01 	2018-07-21 	2 	397.36 	[2]
ZZZ.TO              	2017-07-01 	2018-07-21 	15 	-298.04 	[15]
PHE-B.TO            	2017-07-01 	2018-07-21 	None
-1.0 	-9999.0 	[-1.0]
TOF-UN.TO           	2017-07-01 	2018-07-21 	5 	-112.64 	[5]
VXM-B.TO            	2017-07-01 	2018-07-21 	None
-1.0 	-9999.0 	[-1.0]
ZJO.TO              	2017-07-01 	2018-07-21 	14 	2399.58 	[14]
ZJN.TO              	2017-07-01 	2018-07-21 	2 	2065.39 	[2]
ZJG.TO              	2017-07-01 	2018-07-21 	4 	102.46 	[4]
RAY-A.TO            	2017-07-01 	2018-07-21 	2 	282.04 	[2]
DGC.TO              	2017-07-01 	2018-07-21 	5 	522.13 	[5]
ASP.TO              	2017-07-01 	2018-07-21 	23 	6346.57 	[23]
REI-UN.TO           	2017-07-01 	2018-07-21 	12 	20.2 	[12]
MBK-UN.TO           	2017-07-01 	2018-07-21 	7 	597.89 	[7]
NUS.TO              	2017-07-01 	2018-07-21 	17 	-1629.73 	[17]
DGS.TO              	2017-07-01 	2018-07-21 	5 	-533.12 	[5]
GIB-A.TO            	2017-07-01 	2018-07-21 	10 	1904.59 	[10]
UNS.TO              	2017-07-01 	2018-07-21 	15 	336.92 	[15]
UNC.TO              	2017-07-01 	2018-07-21 	4 	-24.43 	[4]
ITH.TO              	2017-07-01 	2018-07-21 	20 	1402.63 	[20]
OMI.TO              	2017-07-01 	2018-07-21 	29 	-2469.85 	[29]
ITC.TO              	2017-07-01 	2018-07-21 	25 	480.59 	[25]
BAD.TO              	2017-07-01 	2018-07-21 	3 	1586.67 	[3]
ITP.TO              	2017-07-01 	2018-07-21 	7 	-47.83 	[7]
VRE.TO              	2017-07-01 	2018-07-21 	7 	469.48 	[7]
AAB.TO              	2017-07-01 	2018-07-21 	29 	-927.27 	[29]
AAV.TO              	2017-07-01 	2018-07-21 	15 	-925.49 	[15]
BIR.TO              	2017-07-01 	2018-07-21 	2 	823.54 	[2]
HR-UN.TO            	2017-07-01 	2018-07-21 	10 	-268.32 	[10]
CBD-A.TO            	2017-07-01 	2018-07-21 	None
-1.0 	-9999.0 	[-1.0]
AOG-UN.TO           	2017-07-01 	2018-07-21 	11 	-46.8 	[11]
ELF.TO              	2017-07-01 	2018-07-21 	2 	-262.9 	[2]
NPF-UN.TO           	2017-07-01 	2018-07-21 	21 	116.57 	[21]
SLR.TO              	2017-07-01 	2018-07-21 	10 	-1626.34 	[10]
SLF.TO              	2017-07-01 	2018-07-21 	6 	813.98 	[6]
USB-U.TO            	2017-07-01 	2018-07-21 	None
-1.0 	-9999.0 	[-1.0]
MCB.TO              	2017-07-01 	2018-07-21 	3 	-1849.31 	[3]
TCW.TO              	2017-07-01 	2018-07-21 	2 	-390.72 	[2]
EXF.TO              	2017-07-01 	2018-07-21 	12 	-326.11 	[12]
EXE.TO              	2017-07-01 	2018-07-21 	29 	-683.26 	[29]
EXN.TO              	2017-07-01 	2018-07-21 	5 	166.77 	[5]
PFD-UN.TO           	2017-07-01 	2018-07-21 	None
-1.0 	-9999.0 	[-1.0]
TZS.TO              	2017-07-01 	2018-07-21 	28 	-909.07 	[28]
PSY-U.TO            	2017-07-01 	2018-07-21 	None
-1.0 	-9999.0 	[-1.0]
TZZ.TO              	2017-07-01 	2018-07-21 	12 	-2456.36 	[12]
PRF-UN.TO           	2017-07-01 	2018-07-21 	7 	1.86 	[7]
RAI-UN.TO           	2017-07-01 	2018-07-21 	25 	-38.6 	[25]
THO.TO              	2017-07-01 	2018-07-21 	2 	336.33 	[2]
GPR.TO              	2017-07-01 	2018-07-21 	23 	-427.17 	[23]
XID.TO              	2017-07-01 	2018-07-21 	3 	765.26 	[3]
NII.TO              	2017-07-01 	2018-07-21 	None
-1.0 	-9999.0 	[-1.0]
AX-UN.TO            	2017-07-01 	2018-07-21 	11 	83.42 	[11]
CRP.TO              	2017-07-01 	2018-07-21 	15 	-50.52 	[15]
FDE.TO              	2017-07-01 	2018-07-21 	8 	390.32 	[8]
ENI-UN.TO           	2017-07-01 	2018-07-21 	16 	-36.08 	[16]
FDV.TO              	2017-07-01 	2018-07-21 	7 	419.78 	[7]
PR.TO               	2017-07-01 	2018-07-21 	24 	26.39 	[24]
TRF-UN.TO           	2017-07-01 	2018-07-21 	None
-1.0 	-9999.0 	[-1.0]
MLD-UN.TO           	2017-07-01 	2018-07-21 	None
-1.0 	-9999.0 	[-1.0]
PG.TO               	2017-07-01 	2018-07-21 	2 	-1333.93 	[2]
PD.TO               	2017-07-01 	2018-07-21 	8 	2283.39 	[8]
EFX.TO              	2017-07-01 	2018-07-21 	29 	-358.69 	[29]
HIG-UN.TO           	2017-07-01 	2018-07-21 	None
-1.0 	-9999.0 	[-1.0]
EFR.TO              	2017-07-01 	2018-07-21 	13 	3219.9 	[13]
QXM.TO              	2017-07-01 	2018-07-21 	9 	676.81 	[9]
EFH.TO              	2017-07-01 	2018-07-21 	28 	-613.34 	[28]
EFL.TO              	2017-07-01 	2018-07-21 	28 	-1312.38 	[28]
EFN.TO              	2017-07-01 	2018-07-21 	29 	1580.94 	[29]
CBN-A.TO            	2017-07-01 	2018-07-21 	None
-1.0 	-9999.0 	[-1.0]
RNW.TO              	2017-07-01 	2018-07-21 	7 	-251.68 	[7]
PJC-A.TO            	2017-07-01 	2018-07-21 	7 	512.74 	[7]
UDA-UN.TO           	2017-07-01 	2018-07-21 	4 	385.96 	[4]
OLY.TO              	2017-07-01 	2018-07-21 	13 	1525.82 	[13]
WTE.TO              	2017-07-01 	2018-07-21 	2 	563.75 	[2]
MBB-UN.TO           	2017-07-01 	2018-07-21 	None
-1.0 	-9999.0 	[-1.0]
CEW-A.TO            	2017-07-01 	2018-07-21 	24 	444.4 	[24]
ACR-UN.TO           	2017-07-01 	2018-07-21 	4 	1400.5 	[4]
PLV.TO              	2017-07-01 	2018-07-21 	2 	134.81 	[2]
PLS.TO              	2017-07-01 	2018-07-21 	None
-1.0 	-9999.0 	[-1.0]
DRG-UN.TO           	2017-07-01 	2018-07-21 	5 	1391.57 	[5]
PLI.TO              	2017-07-01 	2018-07-21 	5 	1540.5 	[5]
HTO-UN.TO           	2017-07-01 	2018-07-21 	6 	489.88 	[6]
BXE.TO              	2017-07-01 	2018-07-21 	15 	-645.51 	[15]
CWW-A.TO            	2017-07-01 	2018-07-21 	None
-1.0 	-9999.0 	[-1.0]
MBN.TO              	2017-07-01 	2018-07-21 	3 	227.87 	[3]
MBA.TO              	2017-07-01 	2018-07-21 	29 	-375.11 	[29]
PPS.TO              	2017-07-01 	2018-07-21 	3 	144.19 	[3]
MBX.TO              	2017-07-01 	2018-07-21 	7 	-1676.93 	[7]
SOX.TO              	2017-07-01 	2018-07-21 	6 	2474.8 	[6]
MTY.TO              	2017-07-01 	2018-07-21 	3 	959.75 	[3]
MTL.TO              	2017-07-01 	2018-07-21 	2 	196.87 	[2]
ARX.TO              	2017-07-01 	2018-07-21 	2 	297.98 	[2]
ARZ.TO              	2017-07-01 	2018-07-21 	12 	-2600.99 	[12]
SGQ.TO              	2017-07-01 	2018-07-21 	2 	-1902.14 	[2]
GMM-U.TO            	2017-07-01 	2018-07-21 	None
-1.0 	-9999.0 	[-1.0]
ARE.TO              	2017-07-01 	2018-07-21 	3 	1153.25 	[3]
ARG.TO              	2017-07-01 	2018-07-21 	4 	2191.92 	[4]
PFD-U.TO            	2017-07-01 	2018-07-21 	None
-1.0 	-9999.0 	[-1.0]
BB.TO               	2017-07-01 	2018-07-21 	3 	2702.33 	[3]
GSY.TO              	2017-07-01 	2018-07-21 	3 	4339.78 	[3]
BK.TO               	2017-07-01 	2018-07-21 	8 	155.6 	[8]
GSC.TO              	2017-07-01 	2018-07-21 	13 	1343.67 	[13]
BR.TO               	2017-07-01 	2018-07-21 	2 	-528.48 	[2]
BX.TO               	2017-07-01 	2018-07-21 	None
-1.0 	-9999.0 	[-1.0]
HND.TO              	2017-07-01 	2018-07-21 	3 	2783.08 	[3]
FRL-UN.TO           	2017-07-01 	2018-07-21 	None
-1.0 	-9999.0 	[-1.0]
CHP-UN.TO           	2017-07-01 	2018-07-21 	27 	-121.43 	[27]
UCD-UN.TO           	2017-07-01 	2018-07-21 	None
-1.0 	-9999.0 	[-1.0]
HNL.TO              	2017-07-01 	2018-07-21 	23 	5867.79 	[23]
NXF.TO              	2017-07-01 	2018-07-21 	7 	997.15 	[7]
XAL.TO              	2017-07-01 	2018-07-21 	26 	9.47 	[26]
T.TO                	2017-07-01 	2018-07-21 	13 	442.27 	[13]
NXJ.TO              	2017-07-01 	2018-07-21 	18 	-413.42 	[18]
AW-UN.TO            	2017-07-01 	2018-07-21 	9 	57.58 	[9]
SQP.TO              	2017-07-01 	2018-07-21 	9 	1981.92 	[9]
MDS-UN.TO           	2017-07-01 	2018-07-21 	4 	1746.64 	[4]
TMD.TO              	2017-07-01 	2018-07-21 	15 	6889.0 	[15]
IFB-UN.TO           	2017-07-01 	2018-07-21 	3 	165.92 	[3]
VUS.TO              	2017-07-01 	2018-07-21 	7 	1284.32 	[7]
USF-UN.TO           	2017-07-01 	2018-07-21 	8 	746.74 	[8]
BDI.TO              	2017-07-01 	2018-07-21 	11 	7941.12 	[11]
BDT.TO              	2017-07-01 	2018-07-21 	23 	-754.45 	[23]
US.TO               	2017-07-01 	2018-07-21 	None
-1.0 	-9999.0 	[-1.0]
UR.TO               	2017-07-01 	2018-07-21 	9 	-1545.45 	[9]
TCL-A.TO            	2017-07-01 	2018-07-21 	2 	1397.97 	[2]
XXM-D.TO            	2017-07-01 	2018-07-21 	None
-1.0 	-9999.0 	[-1.0]
XXM-B.TO            	2017-07-01 	2018-07-21 	3 	873.37 	[3]
RWE-B.TO            	2017-07-01 	2018-07-21 	22 	364.36 	[22]
IDG.TO              	2017-07-01 	2018-07-21 	2 	122.44 	[2]
PMT.TO              	2017-07-01 	2018-07-21 	6 	-1521.69 	[6]
CGL.TO              	2017-07-01 	2018-07-21 	29 	-25.98 	[29]
CGO.TO              	2017-07-01 	2018-07-21 	18 	-92.26 	[18]
CGG.TO              	2017-07-01 	2018-07-21 	6 	833.34 	[6]
PME.TO              	2017-07-01 	2018-07-21 	7 	-528.38 	[7]
ZWA.TO              	2017-07-01 	2018-07-21 	5 	583.05 	[5]
PMM.TO              	2017-07-01 	2018-07-21 	9 	303.24 	[9]
PMN.TO              	2017-07-01 	2018-07-21 	3 	4440.35 	[3]
CGR.TO              	2017-07-01 	2018-07-21 	2 	354.49 	[2]
ZCM.TO              	2017-07-01 	2018-07-21 	21 	-77.28 	[21]
CIC.TO              	2017-07-01 	2018-07-21 	9 	329.14 	[9]
CIA.TO              	2017-07-01 	2018-07-21 	2 	1325.61 	[2]
CIF.TO              	2017-07-01 	2018-07-21 	5 	349.92 	[5]
YRI.TO              	2017-07-01 	2018-07-21 	2 	571.24 	[2]
ZHY.TO              	2017-07-01 	2018-07-21 	5 	-226.62 	[5]
MSV.TO              	2017-07-01 	2018-07-21 	29 	-1293.67 	[29]
MSL.TO              	2017-07-01 	2018-07-21 	None
-1.0 	-9999.0 	[-1.0]
MSI.TO              	2017-07-01 	2018-07-21 	29 	1566.6 	[29]
WFS.TO              	2017-07-01 	2018-07-21 	4 	1018.65 	[4]
NDM.TO              	2017-07-01 	2018-07-21 	25 	-429.3 	[25]
CIX.TO              	2017-07-01 	2018-07-21 	29 	251.73 	[29]
RXD-U.TO            	2017-07-01 	2018-07-21 	None
-1.0 	-9999.0 	[-1.0]
PUB-UN.TO           	2017-07-01 	2018-07-21 	None
-1.0 	-9999.0 	[-1.0]
AQA.TO              	2017-07-01 	2018-07-21 	2 	-1119.44 	[2]
AQN.TO              	2017-07-01 	2018-07-21 	8 	95.23 	[8]
ATD-B.TO            	2017-07-01 	2018-07-21 	2 	359.91 	[2]
ATD-A.TO            	2017-07-01 	2018-07-21 	7 	102.28 	[7]
ULV.TO              	2017-07-01 	2018-07-21 	4 	46.7 	[4]
U.TO                	2017-07-01 	2018-07-21 	3 	1240.16 	[3]
In: 6225000.0 Out: 4055346.48
